#
# There is insufficient memory for the Java Runtime Environment to continue.
# Native memory allocation (malloc) failed to allocate 255856 bytes for Chunk::new
# Possible reasons:
#   The system is out of physical RAM or swap space
#   The process is running with CompressedOops enabled, and the Java Heap may be blocking the growth of the native heap
# Possible solutions:
#   Reduce memory load on the system
#   Increase physical memory or swap space
#   Check if swap backing store is full
#   Decrease Java heap size (-Xmx/-Xms)
#   Decrease number of Java threads
#   Decrease Java thread stack sizes (-Xss)
#   Set larger code cache with -XX:ReservedCodeCacheSize=
#   JVM is running with Unscaled Compressed Oops mode in which the Java heap is
#     placed in the first 4GB address space. The Java Heap base address is the
#     maximum limit for the native heap growth. Please use -XX:HeapBaseMinAddress
#     to set the Java Heap base and to place the Java Heap above 4GB virtual address.
# This output file may be truncated or incomplete.
#
#  Out of Memory Error (./src/hotspot/share/memory/arena.cpp:197), pid=8004, tid=6648
#
# JRE version: OpenJDK Runtime Environment (11.0.11+9) (build 11.0.11+9-b60-7590822)
# Java VM: OpenJDK 64-Bit Server VM (11.0.11+9-b60-7590822, mixed mode, tiered, compressed oops, g1 gc, windows-amd64)
# No core dump will be written. Minidumps are not enabled by default on client versions of Windows
#

---------------  S U M M A R Y ------------

Command Line: -Dorg.gradle.appname=gradlew org.gradle.wrapper.GradleWrapperMain -q -Ptarget-platform=android-arm -Ptarget=D:\Ankitha\MSC project\2nd sem mini project-WallPaperApp\wallpaperapp\lib\main.dart -Pbase-application-name=android.app.Application -Pdart-obfuscation=false -Ptrack-widget-creation=true -Ptree-shake-icons=false -Pfilesystem-scheme=org-dartlang-root assembleDebug

Host: AMD Ryzen 3 3250U with Radeon Graphics         , 4 cores, 3G,  Windows 10 , 64 bit Build 22621 (10.0.22621.3958)
Time: Sat Aug 17 19:57:02 2024 India Standard Time elapsed time: 2.045106 seconds (0d 0h 0m 2s)

---------------  T H R E A D  ---------------

Current thread (0x000002513e05e000):  JavaThread "C2 CompilerThread0" daemon [_thread_in_native, id=6648, stack(0x000000cd81b00000,0x000000cd81c00000)]


Current CompileTask:
C2:   2045  825  s!   4       jdk.internal.loader.URLClassPath::getLoader (194 bytes)

Stack: [0x000000cd81b00000,0x000000cd81c00000]
Native frames: (J=compiled Java code, j=interpreted, Vv=VM code, C=native code)
V  [jvm.dll+0x5f214a]
V  [jvm.dll+0x726fb5]
V  [jvm.dll+0x7285cd]
V  [jvm.dll+0x728c83]
V  [jvm.dll+0x243278]
V  [jvm.dll+0xbc53c]
V  [jvm.dll+0xbca3c]
V  [jvm.dll+0x2b5c34]
V  [jvm.dll+0x508488]
V  [jvm.dll+0x1fd70e]
V  [jvm.dll+0x1fb35f]
V  [jvm.dll+0x183d6c]
V  [jvm.dll+0x209a57]
V  [jvm.dll+0x2082a1]
V  [jvm.dll+0x6ef58f]
V  [jvm.dll+0x6e80b5]
V  [jvm.dll+0x5f1036]
C  [ucrtbase.dll+0x29333]
C  [KERNEL32.DLL+0x1257d]
C  [ntdll.dll+0x5af28]


---------------  P R O C E S S  ---------------

Threads class SMR info:
_java_thread_list=0x000002513eaf5990, length=10, elements={
0x0000025127046800, 0x000002513e012800, 0x000002513e034800, 0x000002513e055000,
0x000002513e055800, 0x000002513e05a800, 0x000002513e05e000, 0x000002513e08d000,
0x000002513ea23800, 0x000002513eb1a000
}

Java Threads: ( => current thread )
  0x0000025127046800 JavaThread "main" [_thread_in_vm, id=13404, stack(0x000000cd80e00000,0x000000cd80f00000)]
  0x000002513e012800 JavaThread "Reference Handler" daemon [_thread_blocked, id=9956, stack(0x000000cd81600000,0x000000cd81700000)]
  0x000002513e034800 JavaThread "Finalizer" daemon [_thread_blocked, id=13592, stack(0x000000cd81700000,0x000000cd81800000)]
  0x000002513e055000 JavaThread "Signal Dispatcher" daemon [_thread_blocked, id=1352, stack(0x000000cd81800000,0x000000cd81900000)]
  0x000002513e055800 JavaThread "Attach Listener" daemon [_thread_blocked, id=9680, stack(0x000000cd81900000,0x000000cd81a00000)]
  0x000002513e05a800 JavaThread "Service Thread" daemon [_thread_blocked, id=11644, stack(0x000000cd81a00000,0x000000cd81b00000)]
=>0x000002513e05e000 JavaThread "C2 CompilerThread0" daemon [_thread_in_native, id=6648, stack(0x000000cd81b00000,0x000000cd81c00000)]
  0x000002513e08d000 JavaThread "C1 CompilerThread0" daemon [_thread_blocked, id=5400, stack(0x000000cd81c00000,0x000000cd81d00000)]
  0x000002513ea23800 JavaThread "Sweeper thread" daemon [_thread_blocked, id=8752, stack(0x000000cd81d00000,0x000000cd81e00000)]
  0x000002513eb1a000 JavaThread "Common-Cleaner" daemon [_thread_blocked, id=3076, stack(0x000000cd81f00000,0x000000cd82000000)]

Other Threads:
  0x000002513e011800 VMThread "VM Thread" [stack: 0x000000cd81500000,0x000000cd81600000] [id=15616]
  0x000002513eb0a000 WatcherThread [stack: 0x000000cd81e00000,0x000000cd81f00000] [id=6028]
  0x000002512705a800 GCTaskThread "GC Thread#0" [stack: 0x000000cd81000000,0x000000cd81100000] [id=6996]
  0x000002513edaa800 GCTaskThread "GC Thread#1" [stack: 0x000000cd82000000,0x000000cd82100000] [id=10808]
  0x0000025127071000 ConcurrentGCThread "G1 Main Marker" [stack: 0x000000cd81100000,0x000000cd81200000] [id=12236]
  0x0000025127073800 ConcurrentGCThread "G1 Conc#0" [stack: 0x000000cd81200000,0x000000cd81300000] [id=6392]
  0x00000251270bd800 ConcurrentGCThread "G1 Refine#0" [stack: 0x000000cd81300000,0x000000cd81400000] [id=8552]
  0x00000251270be800 ConcurrentGCThread "G1 Young RemSet Sampling" [stack: 0x000000cd81400000,0x000000cd81500000] [id=10800]

Threads with active compile tasks:
C2 CompilerThread0   2088  825  s!   4       jdk.internal.loader.URLClassPath::getLoader (194 bytes)

VM state:not at safepoint (normal execution)

VM Mutex/Monitor currently owned by a thread: None

Heap address: 0x00000000c9c00000, size: 868 MB, Compressed Oops mode: 32-bit
Narrow klass base: 0x0000000000000000, Narrow klass shift: 3
Compressed class space size: 1073741824 Address: 0x0000000100000000

Heap:
 garbage-first heap   total 57344K, used 14555K [0x00000000c9c00000, 0x0000000100000000)
  region size 1024K, 12 young (12288K), 2 survivors (2048K)
 Metaspace       used 10626K, capacity 10854K, committed 11008K, reserved 1058816K
  class space    used 1097K, capacity 1168K, committed 1280K, reserved 1048576K
Heap Regions: E=young(eden), S=young(survivor), O=old, HS=humongous(starts), HC=humongous(continues), CS=collection set, F=free, A=archive, TAMS=top-at-mark-start (previous, next)
|   0|0x00000000c9c00000, 0x00000000c9d00000, 0x00000000c9d00000|100%|HS|  |TAMS 0x00000000c9c00000, 0x00000000c9c00000| Complete 
|   1|0x00000000c9d00000, 0x00000000c9e00000, 0x00000000c9e00000|100%|HC|  |TAMS 0x00000000c9d00000, 0x00000000c9d00000| Complete 
|   2|0x00000000c9e00000, 0x00000000c9f00000, 0x00000000c9f00000|100%|HC|  |TAMS 0x00000000c9e00000, 0x00000000c9e00000| Complete 
|   3|0x00000000c9f00000, 0x00000000ca000000, 0x00000000ca000000|100%| O|  |TAMS 0x00000000c9f00000, 0x00000000c9f00000| Untracked 
|   4|0x00000000ca000000, 0x00000000ca036c00, 0x00000000ca100000| 21%| O|  |TAMS 0x00000000ca000000, 0x00000000ca000000| Untracked 
|   5|0x00000000ca100000, 0x00000000ca100000, 0x00000000ca200000|  0%| F|  |TAMS 0x00000000ca100000, 0x00000000ca100000| Untracked 
|   6|0x00000000ca200000, 0x00000000ca200000, 0x00000000ca300000|  0%| F|  |TAMS 0x00000000ca200000, 0x00000000ca200000| Untracked 
|   7|0x00000000ca300000, 0x00000000ca300000, 0x00000000ca400000|  0%| F|  |TAMS 0x00000000ca300000, 0x00000000ca300000| Untracked 
|   8|0x00000000ca400000, 0x00000000ca400000, 0x00000000ca500000|  0%| F|  |TAMS 0x00000000ca400000, 0x00000000ca400000| Untracked 
|   9|0x00000000ca500000, 0x00000000ca500000, 0x00000000ca600000|  0%| F|  |TAMS 0x00000000ca500000, 0x00000000ca500000| Untracked 
|  10|0x00000000ca600000, 0x00000000ca600000, 0x00000000ca700000|  0%| F|  |TAMS 0x00000000ca600000, 0x00000000ca600000| Untracked 
|  11|0x00000000ca700000, 0x00000000ca700000, 0x00000000ca800000|  0%| F|  |TAMS 0x00000000ca700000, 0x00000000ca700000| Untracked 
|  12|0x00000000ca800000, 0x00000000ca800000, 0x00000000ca900000|  0%| F|  |TAMS 0x00000000ca800000, 0x00000000ca800000| Untracked 
|  13|0x00000000ca900000, 0x00000000ca900000, 0x00000000caa00000|  0%| F|  |TAMS 0x00000000ca900000, 0x00000000ca900000| Untracked 
|  14|0x00000000caa00000, 0x00000000caa00000, 0x00000000cab00000|  0%| F|  |TAMS 0x00000000caa00000, 0x00000000caa00000| Untracked 
|  15|0x00000000cab00000, 0x00000000cab00000, 0x00000000cac00000|  0%| F|  |TAMS 0x00000000cab00000, 0x00000000cab00000| Untracked 
|  16|0x00000000cac00000, 0x00000000cac00000, 0x00000000cad00000|  0%| F|  |TAMS 0x00000000cac00000, 0x00000000cac00000| Untracked 
|  17|0x00000000cad00000, 0x00000000cad00000, 0x00000000cae00000|  0%| F|  |TAMS 0x00000000cad00000, 0x00000000cad00000| Untracked 
|  18|0x00000000cae00000, 0x00000000cae00000, 0x00000000caf00000|  0%| F|  |TAMS 0x00000000cae00000, 0x00000000cae00000| Untracked 
|  19|0x00000000caf00000, 0x00000000caf00000, 0x00000000cb000000|  0%| F|  |TAMS 0x00000000caf00000, 0x00000000caf00000| Untracked 
|  20|0x00000000cb000000, 0x00000000cb000000, 0x00000000cb100000|  0%| F|  |TAMS 0x00000000cb000000, 0x00000000cb000000| Untracked 
|  21|0x00000000cb100000, 0x00000000cb100000, 0x00000000cb200000|  0%| F|  |TAMS 0x00000000cb100000, 0x00000000cb100000| Untracked 
|  22|0x00000000cb200000, 0x00000000cb200000, 0x00000000cb300000|  0%| F|  |TAMS 0x00000000cb200000, 0x00000000cb200000| Untracked 
|  23|0x00000000cb300000, 0x00000000cb300000, 0x00000000cb400000|  0%| F|  |TAMS 0x00000000cb300000, 0x00000000cb300000| Untracked 
|  24|0x00000000cb400000, 0x00000000cb400000, 0x00000000cb500000|  0%| F|  |TAMS 0x00000000cb400000, 0x00000000cb400000| Untracked 
|  25|0x00000000cb500000, 0x00000000cb500000, 0x00000000cb600000|  0%| F|  |TAMS 0x00000000cb500000, 0x00000000cb500000| Untracked 
|  26|0x00000000cb600000, 0x00000000cb600000, 0x00000000cb700000|  0%| F|  |TAMS 0x00000000cb600000, 0x00000000cb600000| Untracked 
|  27|0x00000000cb700000, 0x00000000cb700000, 0x00000000cb800000|  0%| F|  |TAMS 0x00000000cb700000, 0x00000000cb700000| Untracked 
|  28|0x00000000cb800000, 0x00000000cb800000, 0x00000000cb900000|  0%| F|  |TAMS 0x00000000cb800000, 0x00000000cb800000| Untracked 
|  29|0x00000000cb900000, 0x00000000cb900000, 0x00000000cba00000|  0%| F|  |TAMS 0x00000000cb900000, 0x00000000cb900000| Untracked 
|  30|0x00000000cba00000, 0x00000000cba00000, 0x00000000cbb00000|  0%| F|  |TAMS 0x00000000cba00000, 0x00000000cba00000| Untracked 
|  31|0x00000000cbb00000, 0x00000000cbb00000, 0x00000000cbc00000|  0%| F|  |TAMS 0x00000000cbb00000, 0x00000000cbb00000| Untracked 
|  32|0x00000000cbc00000, 0x00000000cbc00000, 0x00000000cbd00000|  0%| F|  |TAMS 0x00000000cbc00000, 0x00000000cbc00000| Untracked 
|  33|0x00000000cbd00000, 0x00000000cbd00000, 0x00000000cbe00000|  0%| F|  |TAMS 0x00000000cbd00000, 0x00000000cbd00000| Untracked 
|  34|0x00000000cbe00000, 0x00000000cbe00000, 0x00000000cbf00000|  0%| F|  |TAMS 0x00000000cbe00000, 0x00000000cbe00000| Untracked 
|  35|0x00000000cbf00000, 0x00000000cbf00000, 0x00000000cc000000|  0%| F|  |TAMS 0x00000000cbf00000, 0x00000000cbf00000| Untracked 
|  36|0x00000000cc000000, 0x00000000cc000000, 0x00000000cc100000|  0%| F|  |TAMS 0x00000000cc000000, 0x00000000cc000000| Untracked 
|  37|0x00000000cc100000, 0x00000000cc100000, 0x00000000cc200000|  0%| F|  |TAMS 0x00000000cc100000, 0x00000000cc100000| Untracked 
|  38|0x00000000cc200000, 0x00000000cc200000, 0x00000000cc300000|  0%| F|  |TAMS 0x00000000cc200000, 0x00000000cc200000| Untracked 
|  39|0x00000000cc300000, 0x00000000cc300000, 0x00000000cc400000|  0%| F|  |TAMS 0x00000000cc300000, 0x00000000cc300000| Untracked 
|  40|0x00000000cc400000, 0x00000000cc500000, 0x00000000cc500000|100%| S|CS|TAMS 0x00000000cc400000, 0x00000000cc400000| Complete 
|  41|0x00000000cc500000, 0x00000000cc600000, 0x00000000cc600000|100%| S|CS|TAMS 0x00000000cc500000, 0x00000000cc500000| Complete 
|  42|0x00000000cc600000, 0x00000000cc600000, 0x00000000cc700000|  0%| F|  |TAMS 0x00000000cc600000, 0x00000000cc600000| Untracked 
|  43|0x00000000cc700000, 0x00000000cc700000, 0x00000000cc800000|  0%| F|  |TAMS 0x00000000cc700000, 0x00000000cc700000| Untracked 
|  44|0x00000000cc800000, 0x00000000cc800000, 0x00000000cc900000|  0%| F|  |TAMS 0x00000000cc800000, 0x00000000cc800000| Untracked 
|  45|0x00000000cc900000, 0x00000000cc900000, 0x00000000cca00000|  0%| F|  |TAMS 0x00000000cc900000, 0x00000000cc900000| Untracked 
|  46|0x00000000cca00000, 0x00000000ccaf7290, 0x00000000ccb00000| 96%| E|  |TAMS 0x00000000cca00000, 0x00000000cca00000| Complete 
|  47|0x00000000ccb00000, 0x00000000ccc00000, 0x00000000ccc00000|100%| E|CS|TAMS 0x00000000ccb00000, 0x00000000ccb00000| Complete 
|  48|0x00000000ccc00000, 0x00000000ccd00000, 0x00000000ccd00000|100%| E|CS|TAMS 0x00000000ccc00000, 0x00000000ccc00000| Complete 
|  49|0x00000000ccd00000, 0x00000000cce00000, 0x00000000cce00000|100%| E|CS|TAMS 0x00000000ccd00000, 0x00000000ccd00000| Complete 
|  50|0x00000000cce00000, 0x00000000ccf00000, 0x00000000ccf00000|100%| E|CS|TAMS 0x00000000cce00000, 0x00000000cce00000| Complete 
|  51|0x00000000ccf00000, 0x00000000cd000000, 0x00000000cd000000|100%| E|CS|TAMS 0x00000000ccf00000, 0x00000000ccf00000| Complete 
|  52|0x00000000cd000000, 0x00000000cd100000, 0x00000000cd100000|100%| E|CS|TAMS 0x00000000cd000000, 0x00000000cd000000| Complete 
|  53|0x00000000cd100000, 0x00000000cd200000, 0x00000000cd200000|100%| E|  |TAMS 0x00000000cd100000, 0x00000000cd100000| Complete 
|  54|0x00000000cd200000, 0x00000000cd300000, 0x00000000cd300000|100%| E|CS|TAMS 0x00000000cd200000, 0x00000000cd200000| Complete 
|  55|0x00000000cd300000, 0x00000000cd400000, 0x00000000cd400000|100%| E|CS|TAMS 0x00000000cd300000, 0x00000000cd300000| Complete 

Card table byte_map: [0x0000025139cc0000,0x0000025139e80000] _byte_map_base: 0x0000025139672000

Marking Bits (Prev, Next): (CMBitMap*) 0x000002512706cc88, (CMBitMap*) 0x000002512706ccc0
 Prev Bits: [0x000002513a040000, 0x000002513add0000)
 Next Bits: [0x000002513add0000, 0x000002513bb60000)

Polling page: 0x00000251267e0000

Metaspace:

Usage:
  Non-class:      9.46 MB capacity,     9.31 MB ( 98%) used,   145.58 KB (  2%) free+waste,    11.19 KB ( <1%) overhead. 
      Class:      1.14 MB capacity,     1.07 MB ( 94%) used,    65.13 KB (  6%) free+waste,     5.31 KB ( <1%) overhead. 
       Both:     10.60 MB capacity,    10.38 MB ( 98%) used,   210.70 KB (  2%) free+waste,    16.50 KB ( <1%) overhead. 

Virtual space:
  Non-class space:       10.00 MB reserved,       9.50 MB ( 95%) committed 
      Class space:        1.00 GB reserved,       1.25 MB ( <1%) committed 
             Both:        1.01 GB reserved,      10.75 MB (  1%) committed 

Chunk freelists:
   Non-Class:  42.00 KB
       Class:  16.00 KB
        Both:  58.00 KB

MaxMetaspaceSize: 17179869184.00 GB
CompressedClassSpaceSize: 1.00 GB

CodeHeap 'non-profiled nmethods': size=120064Kb used=254Kb max_used=254Kb free=119809Kb
 bounds [0x00000251325c0000, 0x0000025132830000, 0x0000025139b00000]
CodeHeap 'profiled nmethods': size=120000Kb used=1592Kb max_used=1592Kb free=118407Kb
 bounds [0x000002512b090000, 0x000002512b300000, 0x00000251325c0000]
CodeHeap 'non-nmethods': size=5696Kb used=1070Kb max_used=1086Kb free=4625Kb
 bounds [0x000002512ab00000, 0x000002512ad70000, 0x000002512b090000]
 total_blobs=1225 nmethods=853 adapters=284
 compilation: enabled
              stopped_count=0, restarted_count=0
 full_count=0

Compilation events (20 events):
Event: 1.969 Thread 0x000002513e05e000 nmethod 823 0x00000251325fce10 code [0x00000251325fd020, 0x00000251325fe160]
Event: 1.969 Thread 0x000002513e05e000  825  s!   4       jdk.internal.loader.URLClassPath::getLoader (194 bytes)
Event: 1.976 Thread 0x000002513e08d000  828       3       java.util.regex.Matcher::reset (128 bytes)
Event: 1.977 Thread 0x000002513e08d000 nmethod 828 0x000002512b208990 code [0x000002512b208ba0, 0x000002512b209138]
Event: 1.980 Thread 0x000002513e08d000  830   !   3       java.net.URLClassLoader::defineClass (224 bytes)
Event: 1.984 Thread 0x000002513e08d000 nmethod 830 0x000002512b209390 code [0x000002512b2098a0, 0x000002512b20c538]
Event: 1.984 Thread 0x000002513e08d000  831       3       java.security.SecureClassLoader$CodeSourceKey::hashCode (21 bytes)
Event: 1.984 Thread 0x000002513e08d000 nmethod 831 0x000002512b20d410 code [0x000002512b20d5e0, 0x000002512b20d7a8]
Event: 1.984 Thread 0x000002513e08d000  837       3       java.util.regex.Pattern$$Lambda$6/0x0000000100065440::is (5 bytes)
Event: 1.984 Thread 0x000002513e08d000 nmethod 837 0x000002512b20d890 code [0x000002512b20da40, 0x000002512b20db98]
Event: 1.984 Thread 0x000002513e08d000  832   !   3       java.lang.ClassLoader::checkCerts (195 bytes)
Event: 1.986 Thread 0x000002513e08d000 nmethod 832 0x000002512b20dc90 code [0x000002512b20e000, 0x000002512b20f668]
Event: 1.986 Thread 0x000002513e08d000  834       3       java.lang.ClassLoader::getNamedPackage (73 bytes)
Event: 1.987 Thread 0x000002513e08d000 nmethod 834 0x000002512b20fe10 code [0x000002512b210020, 0x000002512b210548]
Event: 1.987 Thread 0x000002513e08d000  835       3       java.lang.ClassLoader::preDefineClass (116 bytes)
Event: 1.988 Thread 0x000002513e08d000 nmethod 835 0x000002512b210710 code [0x000002512b210ae0, 0x000002512b212178]
Event: 1.988 Thread 0x000002513e08d000  836       3       java.lang.ClassLoader::postDefineClass (39 bytes)
Event: 1.989 Thread 0x000002513e08d000 nmethod 836 0x000002512b212990 code [0x000002512b212b80, 0x000002512b212e98]
Event: 1.989 Thread 0x000002513e08d000  838       3       sun.net.www.protocol.jar.Handler::indexOfBangSlash (52 bytes)
Event: 1.989 Thread 0x000002513e08d000 nmethod 838 0x000002512b213010 code [0x000002512b213280, 0x000002512b213d58]

GC Heap History (2 events):
Event: 1.539 GC heap before
{Heap before GC invocations=0 (full 0):
 garbage-first heap   total 57344K, used 17408K [0x00000000c9c00000, 0x0000000100000000)
  region size 1024K, 14 young (14336K), 0 survivors (0K)
 Metaspace       used 8258K, capacity 8490K, committed 8576K, reserved 1056768K
  class space    used 751K, capacity 825K, committed 896K, reserved 1048576K
}
Event: 1.547 GC heap after
{Heap after GC invocations=1 (full 0):
 garbage-first heap   total 57344K, used 3291K [0x00000000c9c00000, 0x0000000100000000)
  region size 1024K, 2 young (2048K), 2 survivors (2048K)
 Metaspace       used 8258K, capacity 8490K, committed 8576K, reserved 1056768K
  class space    used 751K, capacity 825K, committed 896K, reserved 1048576K
}

Deoptimization events (20 events):
Event: 1.975 Thread 0x0000025127046800 Uncommon trap: trap_request=0xffffffde fr.pc=0x00000251325dd5e8 relative=0x00000000000003c8
Event: 1.975 Thread 0x0000025127046800 Uncommon trap: reason=class_check action=maybe_recompile pc=0x00000251325dd5e8 method=java.util.regex.Matcher.match(II)Z @ 121 c2
Event: 1.975 Thread 0x0000025127046800 DEOPT PACKING pc=0x00000251325dd5e8 sp=0x000000cd80efd0a0
Event: 1.975 Thread 0x0000025127046800 DEOPT UNPACKING pc=0x000002512ab2662f sp=0x000000cd80efd048 mode 2
Event: 1.975 Thread 0x0000025127046800 Uncommon trap: trap_request=0xffffffde fr.pc=0x00000251325dd5e8 relative=0x00000000000003c8
Event: 1.975 Thread 0x0000025127046800 Uncommon trap: reason=class_check action=maybe_recompile pc=0x00000251325dd5e8 method=java.util.regex.Matcher.match(II)Z @ 121 c2
Event: 1.975 Thread 0x0000025127046800 DEOPT PACKING pc=0x00000251325dd5e8 sp=0x000000cd80efd0a0
Event: 1.975 Thread 0x0000025127046800 DEOPT UNPACKING pc=0x000002512ab2662f sp=0x000000cd80efd048 mode 2
Event: 1.976 Thread 0x0000025127046800 Uncommon trap: trap_request=0xffffffde fr.pc=0x00000251325dd5e8 relative=0x00000000000003c8
Event: 1.976 Thread 0x0000025127046800 Uncommon trap: reason=class_check action=maybe_recompile pc=0x00000251325dd5e8 method=java.util.regex.Matcher.match(II)Z @ 121 c2
Event: 1.976 Thread 0x0000025127046800 DEOPT PACKING pc=0x00000251325dd5e8 sp=0x000000cd80efcf20
Event: 1.976 Thread 0x0000025127046800 DEOPT UNPACKING pc=0x000002512ab2662f sp=0x000000cd80efcec8 mode 2
Event: 1.976 Thread 0x0000025127046800 Uncommon trap: trap_request=0xffffffde fr.pc=0x00000251325dd5e8 relative=0x00000000000003c8
Event: 1.976 Thread 0x0000025127046800 Uncommon trap: reason=class_check action=maybe_recompile pc=0x00000251325dd5e8 method=java.util.regex.Matcher.match(II)Z @ 121 c2
Event: 1.976 Thread 0x0000025127046800 DEOPT PACKING pc=0x00000251325dd5e8 sp=0x000000cd80efcf20
Event: 1.976 Thread 0x0000025127046800 DEOPT UNPACKING pc=0x000002512ab2662f sp=0x000000cd80efcec8 mode 2
Event: 1.987 Thread 0x0000025127046800 Uncommon trap: trap_request=0xffffff4d fr.pc=0x00000251325fa350 relative=0x0000000000000210
Event: 1.987 Thread 0x0000025127046800 Uncommon trap: reason=unstable_if action=reinterpret pc=0x00000251325fa350 method=java.util.HashMap.hash(Ljava/lang/Object;)I @ 1 c2
Event: 1.987 Thread 0x0000025127046800 DEOPT PACKING pc=0x00000251325fa350 sp=0x000000cd80efd000
Event: 1.987 Thread 0x0000025127046800 DEOPT UNPACKING pc=0x000002512ab2662f sp=0x000000cd80efcf38 mode 2

Classes redefined (0 events):
No events

Internal exceptions (4 events):
Event: 0.382 Thread 0x0000025127046800 Exception <a 'java/lang/NoSuchMethodError'{0x00000000cd28cdb0}: 'int java.lang.invoke.DirectMethodHandle$Holder.invokeSpecialIFC(java.lang.Object, java.lang.Object, int)'> (0x00000000cd28cdb0) thrown at [./src/hotspot/share/interpreter/linkResolver.cpp, line 773]
Event: 0.761 Thread 0x0000025127046800 Exception <a 'java/lang/NoSuchMethodError'{0x00000000cd05dec0}: 'int java.lang.invoke.DirectMethodHandle$Holder.invokeStaticInit(java.lang.Object, java.lang.Object)'> (0x00000000cd05dec0) thrown at [./src/hotspot/share/interpreter/linkResolver.cpp, line 773]
Event: 0.943 Thread 0x0000025127046800 Exception <a 'java/lang/NoSuchMethodError'{0x00000000ccf2d258}: 'int java.lang.invoke.DirectMethodHandle$Holder.invokeSpecial(java.lang.Object, java.lang.Object, java.lang.Object, java.lang.Object)'> (0x00000000ccf2d258) thrown at [./src/hotspot/share/interpreter/linkResolver.cpp, line 773]
Event: 1.987 Thread 0x0000025127046800 Implicit null exception at 0x00000251325fa175 to 0x00000251325fa340

Events (20 events):
Event: 1.980 loading class org/gradle/cli/CommandLineParser$AfterFirstSubCommand
Event: 1.980 loading class org/gradle/cli/CommandLineParser$AfterFirstSubCommand done
Event: 1.980 loading class org/gradle/cli/CommandLineParser$OptionParserState
Event: 1.980 loading class org/gradle/cli/CommandLineParser$OptionParserState done
Event: 1.980 loading class org/gradle/cli/CommandLineParser$UnknownOptionParserState
Event: 1.980 loading class org/gradle/cli/CommandLineParser$UnknownOptionParserState done
Event: 1.981 loading class org/gradle/cli/CommandLineParser$KnownOptionParserState
Event: 1.981 loading class org/gradle/cli/CommandLineParser$KnownOptionParserState done
Event: 1.981 loading class org/gradle/cli/CommandLineParser$OptionString
Event: 1.981 loading class org/gradle/cli/CommandLineParser$OptionString done
Event: 1.983 loading class org/gradle/cli/CommandLineParser$MissingOptionArgState
Event: 1.983 loading class org/gradle/cli/CommandLineParser$MissingOptionArgState done
Event: 1.984 loading class org/gradle/launcher/cli/converter/InitialPropertiesConverter$1
Event: 1.984 loading class org/gradle/launcher/cli/converter/InitialPropertiesConverter$1 done
Event: 1.985 loading class org/gradle/initialization/BuildLayoutParameters
Event: 1.985 loading class org/gradle/initialization/BuildLayoutParameters done
Event: 1.985 loading class org/gradle/initialization/BuildLayoutParameters
Event: 1.985 loading class org/gradle/initialization/BuildLayoutParameters done
Event: 1.986 loading class org/gradle/internal/buildoption/BuildOptionSet$2
Event: 1.986 loading class org/gradle/internal/buildoption/BuildOptionSet$2 done


Dynamic libraries:
0x00007ff7f0a20000 - 0x00007ff7f0a2a000 	C:\Program Files\Android\Android Studio\jre\bin\java.exe
0x00007ffd88810000 - 0x00007ffd88a27000 	C:\Windows\SYSTEM32\ntdll.dll
0x00007ffd86db0000 - 0x00007ffd86e74000 	C:\Windows\System32\KERNEL32.DLL
0x00007ffd85df0000 - 0x00007ffd8619d000 	C:\Windows\System32\KERNELBASE.dll
0x00007ffd863a0000 - 0x00007ffd864b1000 	C:\Windows\System32\ucrtbase.dll
0x00007ffd814f0000 - 0x00007ffd81509000 	C:\Program Files\Android\Android Studio\jre\bin\jli.dll
0x00007ffd86c00000 - 0x00007ffd86dae000 	C:\Windows\System32\USER32.dll
0x00007ffd86260000 - 0x00007ffd86286000 	C:\Windows\System32\win32u.dll
0x00007ffd88670000 - 0x00007ffd88699000 	C:\Windows\System32\GDI32.dll
0x00007ffd85cd0000 - 0x00007ffd85de9000 	C:\Windows\System32\gdi32full.dll
0x00007ffd86290000 - 0x00007ffd8632a000 	C:\Windows\System32\msvcp_win.dll
0x00007ffd7b8b0000 - 0x00007ffd7b8c7000 	C:\Program Files\Android\Android Studio\jre\bin\VCRUNTIME140.dll
0x00007ffd76640000 - 0x00007ffd768d3000 	C:\Windows\WinSxS\amd64_microsoft.windows.common-controls_6595b64144ccf1df_6.0.22621.3672_none_2713b9d173822955\COMCTL32.dll
0x00007ffd875a0000 - 0x00007ffd87647000 	C:\Windows\System32\msvcrt.dll
0x00007ffd86e80000 - 0x00007ffd86eb1000 	C:\Windows\System32\IMM32.DLL
0x00007ffd6ea80000 - 0x00007ffd6ebe3000 	C:\Program Files (x86)\Citrix\ICA Client\ctxapclient64.dll
0x00007ffd85ca0000 - 0x00007ffd85cc8000 	C:\Windows\System32\bcrypt.dll
0x00007ffd86870000 - 0x00007ffd86bfd000 	C:\Windows\System32\combase.dll
0x00007ffd86fa0000 - 0x00007ffd870b4000 	C:\Windows\System32\RPCRT4.dll
0x00007ffd7c9a0000 - 0x00007ffd7c9aa000 	C:\Windows\SYSTEM32\VERSION.dll
0x00007ffd87450000 - 0x00007ffd87502000 	C:\Windows\System32\ADVAPI32.dll
0x00007ffd87d40000 - 0x00007ffd87de9000 	C:\Windows\System32\sechost.dll
0x00007ffd84b80000 - 0x00007ffd84bb4000 	C:\Windows\SYSTEM32\ntmarta.dll
0x0000025126660000 - 0x00000251266db000 	C:\Windows\System32\bcryptprimitives.dll
0x00007ffd6ea40000 - 0x00007ffd6ea7a000 	C:\Program Files (x86)\Citrix\ICA Client\Receiver\FeatureFlagHelper64.dll
0x00007ffd5edf0000 - 0x00007ffd5ee8d000 	C:\Program Files\Android\Android Studio\jre\bin\msvcp140.dll
0x00007ffd44710000 - 0x00007ffd451e5000 	C:\Program Files\Android\Android Studio\jre\bin\server\jvm.dll
0x00007ffd865a0000 - 0x00007ffd865a8000 	C:\Windows\System32\PSAPI.DLL
0x00007ffd76390000 - 0x00007ffd76399000 	C:\Windows\SYSTEM32\WSOCK32.dll
0x00007ffd87cc0000 - 0x00007ffd87d31000 	C:\Windows\System32\WS2_32.dll
0x00007ffd836d0000 - 0x00007ffd83704000 	C:\Windows\SYSTEM32\WINMM.dll
0x00007ffd84b60000 - 0x00007ffd84b78000 	C:\Windows\SYSTEM32\kernel.appcore.dll
0x00007ffd78fb0000 - 0x00007ffd78fc1000 	C:\Program Files\Android\Android Studio\jre\bin\verify.dll
0x00007ffd83490000 - 0x00007ffd836c2000 	C:\Windows\SYSTEM32\DBGHELP.DLL
0x0000025126700000 - 0x00000251267d7000 	C:\Windows\System32\OLEAUT32.dll
0x00007ffd83450000 - 0x00007ffd83482000 	C:\Windows\SYSTEM32\dbgcore.DLL
0x00007ffd78f80000 - 0x00007ffd78fa9000 	C:\Program Files\Android\Android Studio\jre\bin\java.dll
0x00007ffd81640000 - 0x00007ffd8164b000 	C:\Program Files\Android\Android Studio\jre\bin\jimage.dll
0x00007ffd76300000 - 0x00007ffd76318000 	C:\Program Files\Android\Android Studio\jre\bin\zip.dll
0x00007ffd87e00000 - 0x00007ffd88668000 	C:\Windows\System32\SHELL32.dll
0x00007ffd83a80000 - 0x00007ffd8437e000 	C:\Windows\SYSTEM32\windows.storage.dll
0x00007ffd83940000 - 0x00007ffd83a7f000 	C:\Windows\SYSTEM32\wintypes.dll
0x000002513e890000 - 0x000002513e989000 	C:\Windows\System32\SHCORE.dll
0x00007ffd86540000 - 0x00007ffd8659e000 	C:\Windows\System32\shlwapi.dll
0x00007ffd85a60000 - 0x00007ffd85a81000 	C:\Windows\SYSTEM32\profapi.dll
0x00007ffd743e0000 - 0x00007ffd743fa000 	C:\Program Files\Android\Android Studio\jre\bin\net.dll
0x00007ffd812e0000 - 0x00007ffd81416000 	C:\Windows\SYSTEM32\WINHTTP.dll
0x00007ffd84fd0000 - 0x00007ffd85039000 	C:\Windows\system32\mswsock.dll
0x00007ffd67160000 - 0x00007ffd67174000 	C:\Program Files\Android\Android Studio\jre\bin\nio.dll

dbghelp: loaded successfully - version: 4.0.5 - missing functions: none
symbol engine: initialized successfully - sym options: 0x614 - pdb path: .;C:\Program Files\Android\Android Studio\jre\bin;C:\Windows\SYSTEM32;C:\Windows\WinSxS\amd64_microsoft.windows.common-controls_6595b64144ccf1df_6.0.22621.3672_none_2713b9d173822955;C:\Program Files (x86)\Citrix\ICA Client;C:\Program Files (x86)\Citrix\ICA Client\Receiver;C:\Program Files\Android\Android Studio\jre\bin\server

VM Arguments:
jvm_args: -Dorg.gradle.appname=gradlew 
java_command: org.gradle.wrapper.GradleWrapperMain -q -Ptarget-platform=android-arm -Ptarget=D:\Ankitha\MSC project\2nd sem mini project-WallPaperApp\wallpaperapp\lib\main.dart -Pbase-application-name=android.app.Application -Pdart-obfuscation=false -Ptrack-widget-creation=true -Ptree-shake-icons=false -Pfilesystem-scheme=org-dartlang-root assembleDebug
java_class_path (initial): D:\Ankitha\MSC project\2nd sem mini project-WallPaperApp\wallpaperapp\android\\gradle\wrapper\gradle-wrapper.jar
Launcher Type: SUN_STANDARD

[Global flags]
     intx CICompilerCount                          = 3                                         {product} {ergonomic}
     uint ConcGCThreads                            = 1                                         {product} {ergonomic}
     uint G1ConcRefinementThreads                  = 4                                         {product} {ergonomic}
   size_t G1HeapRegionSize                         = 1048576                                   {product} {ergonomic}
    uintx GCDrainStackTargetSize                   = 64                                        {product} {ergonomic}
   size_t InitialHeapSize                          = 58720256                                  {product} {ergonomic}
   size_t MarkStackSize                            = 4194304                                   {product} {ergonomic}
   size_t MaxHeapSize                              = 910163968                                 {product} {ergonomic}
   size_t MaxNewSize                               = 545259520                                 {product} {ergonomic}
   size_t MinHeapDeltaBytes                        = 1048576                                   {product} {ergonomic}
    uintx NonNMethodCodeHeapSize                   = 5830732                                {pd product} {ergonomic}
    uintx NonProfiledCodeHeapSize                  = 122913754                              {pd product} {ergonomic}
    uintx ProfiledCodeHeapSize                     = 122913754                              {pd product} {ergonomic}
    uintx ReservedCodeCacheSize                    = 251658240                              {pd product} {ergonomic}
     bool SegmentedCodeCache                       = true                                      {product} {ergonomic}
     bool UseCompressedClassPointers               = true                                 {lp64_product} {ergonomic}
     bool UseCompressedOops                        = true                                 {lp64_product} {ergonomic}
     bool UseG1GC                                  = true                                      {product} {ergonomic}
     bool UseLargePagesIndividualAllocation        = false                                  {pd product} {ergonomic}

Logging:
Log output configuration:
 #0: stdout all=warning uptime,level,tags
 #1: stderr all=off uptime,level,tags

Environment Variables:
JAVA_HOME=C:\Program Files\Android\Android Studio\jre
CLASSPATH=D:\Ankitha\MSC project\2nd sem mini project-WallPaperApp\wallpaperapp\android\\gradle\wrapper\gradle-wrapper.jar
PATH=C:\Program Files\Android\Android Studio\jre\bin;C:\flutter\bin\;C:\Program Files\Python311\Scripts\;C:\Program Files\Python311\;C:\Windows\system32;C:\Windows;C:\Windows\System32\Wbem;C:\Windows\System32\WindowsPowerShell\v1.0\;C:\Windows\System32\OpenSSH\;C:\Program Files\Microsoft SQL Server\150\Tools\Binn\;C:\mingw\bin;C:\Program Files\Microsoft SQL Server\Client SDK\ODBC\170\Tools\Binn\;C:\Program Files\dotnet\;C:\Program Files (x86)\Microsoft SQL Server\160\DTS\Binn\;C:\Program Files\Azure Data Studio\bin;C:\Program Files\nodejs\;C:\Users\Swathi\AppData\Local\Microsoft\WindowsApps;C:\Users\Swathi\AppData\Local\Programs\Microsoft VS Code\bin;C:\Users\Swathi\.dotnet\tools;C:\flutter\bin;;C:\Program Files\Azure Data Studio\bin;C:\Users\Swathi\AppData\Roaming\npm;C:\flutter\bin\mingit\cmd
USERNAME=Swathi
LANG=en_US.UTF-8
OS=Windows_NT
PROCESSOR_IDENTIFIER=AMD64 Family 23 Model 24 Stepping 1, AuthenticAMD



---------------  S Y S T E M  ---------------

OS: Windows 10 , 64 bit Build 22621 (10.0.22621.3958)
OS uptime: 1 days 0:49 hours

CPU:total 4 (initial active 4) (4 cores per cpu, 2 threads per core) family 23 model 24 stepping 1 microcode 0x0, cmov, cx8, fxsr, mmx, sse, sse2, sse3, ssse3, sse4.1, sse4.2, popcnt, avx, avx2, aes, clmul, mmxext, 3dnowpref, lzcnt, sse4a, ht, tsc, tscinvbit, tscinv, bmi1, bmi2, adx, s

Memory: 4k page, system-wide physical 3470M (141M free)
TotalPageFile size 14222M (AvailPageFile size 0M)
current process WorkingSet (physical memory assigned to process): 73M, peak: 73M
current process commit charge ("private bytes"): 139M, peak: 139M

vm_info: OpenJDK 64-Bit Server VM (11.0.11+9-b60-7590822) for windows-amd64 JRE (11.0.11+9-b60-7590822), built on Jul 29 2021 21:43:44 by "builder" with MS VC++ 14.0 (VS2015)

END.
