#
# There is insufficient memory for the Java Runtime Environment to continue.
# Native memory allocation (malloc) failed to allocate 962736 bytes for Chunk::new
# Possible reasons:
#   The system is out of physical RAM or swap space
#   The process is running with CompressedOops enabled, and the Java Heap may be blocking the growth of the native heap
# Possible solutions:
#   Reduce memory load on the system
#   Increase physical memory or swap space
#   Check if swap backing store is full
#   Decrease Java heap size (-Xmx/-Xms)
#   Decrease number of Java threads
#   Decrease Java thread stack sizes (-Xss)
#   Set larger code cache with -XX:ReservedCodeCacheSize=
#   JVM is running with Zero Based Compressed Oops mode in which the Java heap is
#     placed in the first 32GB address space. The Java Heap base address is the
#     maximum limit for the native heap growth. Please use -XX:HeapBaseMinAddress
#     to set the Java Heap base and to place the Java Heap above 32GB virtual address.
# This output file may be truncated or incomplete.
#
#  Out of Memory Error (./src/hotspot/share/memory/arena.cpp:197), pid=16116, tid=20436
#
# JRE version: OpenJDK Runtime Environment (11.0.11+9) (build 11.0.11+9-b60-7590822)
# Java VM: OpenJDK 64-Bit Server VM (11.0.11+9-b60-7590822, mixed mode, tiered, compressed oops, g1 gc, windows-amd64)
# No core dump will be written. Minidumps are not enabled by default on client versions of Windows
#

---------------  S U M M A R Y ------------

Command Line: --add-opens=java.base/java.util=ALL-UNNAMED --add-opens=java.base/java.lang=ALL-UNNAMED --add-opens=java.base/java.lang.invoke=ALL-UNNAMED --add-opens=java.base/java.util=ALL-UNNAMED --add-opens=java.prefs/java.util.prefs=ALL-UNNAMED --add-opens=java.prefs/java.util.prefs=ALL-UNNAMED --add-opens=java.base/java.nio.charset=ALL-UNNAMED --add-opens=java.base/java.net=ALL-UNNAMED --add-opens=java.base/java.util.concurrent.atomic=ALL-UNNAMED -Xmx4G -Dfile.encoding=windows-1252 -Duser.country=IN -Duser.language=en -Duser.variant org.gradle.launcher.daemon.bootstrap.GradleDaemon 7.5

Host: AMD Ryzen 3 3250U with Radeon Graphics         , 4 cores, 3G,  Windows 10 , 64 bit Build 22621 (10.0.22621.3374)
Time: Wed May 22 20:27:44 2024 India Standard Time elapsed time: 46.246402 seconds (0d 0h 0m 46s)

---------------  T H R E A D  ---------------

Current thread (0x00000143a4162000):  JavaThread "C2 CompilerThread0" daemon [_thread_in_native, id=20436, stack(0x000000142c300000,0x000000142c400000)]


Current CompileTask:
C2:  46246 4945       4       jdk.internal.loader.URLClassPath$JarLoader$2::getCodeSigners (8 bytes)

Stack: [0x000000142c300000,0x000000142c400000]
Native frames: (J=compiled Java code, j=interpreted, Vv=VM code, C=native code)
V  [jvm.dll+0x5f214a]
V  [jvm.dll+0x726fb5]
V  [jvm.dll+0x7285cd]
V  [jvm.dll+0x728c83]
V  [jvm.dll+0x243278]
V  [jvm.dll+0xbc53c]
V  [jvm.dll+0xbca3c]
V  [jvm.dll+0x353e3b]
V  [jvm.dll+0x321893]
V  [jvm.dll+0x320d8a]
V  [jvm.dll+0x1fc1e2]
V  [jvm.dll+0x1fb3d4]
V  [jvm.dll+0x183d6c]
V  [jvm.dll+0x209a57]
V  [jvm.dll+0x2082a1]
V  [jvm.dll+0x6ef58f]
V  [jvm.dll+0x6e80b5]
V  [jvm.dll+0x5f1036]
C  [ucrtbase.dll+0x29333]
C  [KERNEL32.DLL+0x1257d]
C  [ntdll.dll+0x5aa48]


---------------  P R O C E S S  ---------------

Threads class SMR info:
_java_thread_list=0x00000143a86b7d30, length=33, elements={
0x00000143850fc000, 0x00000143a4101800, 0x00000143a4105000, 0x00000143a415c800,
0x00000143a415d800, 0x00000143a415e800, 0x00000143a4162000, 0x00000143a4187000,
0x00000143a418f800, 0x00000143a42f9000, 0x00000143a42f5800, 0x00000143a42f7800,
0x00000143a42f3000, 0x00000143a42fa000, 0x00000143a42f4000, 0x00000143a42f6800,
0x00000143a42f5000, 0x00000143a42f8000, 0x00000143a4bc9000, 0x00000143a4bc5800,
0x00000143a4bc6800, 0x00000143a4bc7800, 0x00000143a4bc4000, 0x00000143a4bc3000,
0x00000143a4bc8000, 0x00000143a4bca000, 0x00000143a4bca800, 0x00000143a4bc5000,
0x00000143a4bd1000, 0x00000143a4bcd000, 0x00000143a4bcf800, 0x00000143a4bd0800,
0x00000143a4bce800
}

Java Threads: ( => current thread )
  0x00000143850fc000 JavaThread "main" [_thread_blocked, id=12808, stack(0x000000142b600000,0x000000142b700000)]
  0x00000143a4101800 JavaThread "Reference Handler" daemon [_thread_blocked, id=8448, stack(0x000000142be00000,0x000000142bf00000)]
  0x00000143a4105000 JavaThread "Finalizer" daemon [_thread_blocked, id=9616, stack(0x000000142bf00000,0x000000142c000000)]
  0x00000143a415c800 JavaThread "Signal Dispatcher" daemon [_thread_blocked, id=15888, stack(0x000000142c000000,0x000000142c100000)]
  0x00000143a415d800 JavaThread "Attach Listener" daemon [_thread_blocked, id=5708, stack(0x000000142c100000,0x000000142c200000)]
  0x00000143a415e800 JavaThread "Service Thread" daemon [_thread_blocked, id=18600, stack(0x000000142c200000,0x000000142c300000)]
=>0x00000143a4162000 JavaThread "C2 CompilerThread0" daemon [_thread_in_native, id=20436, stack(0x000000142c300000,0x000000142c400000)]
  0x00000143a4187000 JavaThread "C1 CompilerThread0" daemon [_thread_in_native, id=8968, stack(0x000000142c400000,0x000000142c500000)]
  0x00000143a418f800 JavaThread "Sweeper thread" daemon [_thread_blocked, id=11044, stack(0x000000142c500000,0x000000142c600000)]
  0x00000143a42f9000 JavaThread "Common-Cleaner" daemon [_thread_blocked, id=2976, stack(0x000000142c600000,0x000000142c700000)]
  0x00000143a42f5800 JavaThread "Daemon health stats" [_thread_blocked, id=4936, stack(0x000000142c800000,0x000000142c900000)]
  0x00000143a42f7800 JavaThread "Incoming local TCP Connector on port 51154" [_thread_in_native, id=9952, stack(0x000000142ca00000,0x000000142cb00000)]
  0x00000143a42f3000 JavaThread "Daemon periodic checks" [_thread_blocked, id=11452, stack(0x000000142cd00000,0x000000142ce00000)]
  0x00000143a42fa000 JavaThread "Daemon" [_thread_blocked, id=14120, stack(0x000000142ce00000,0x000000142cf00000)]
  0x00000143a42f4000 JavaThread "Handler for socket connection from /127.0.0.1:51154 to /127.0.0.1:51155" [_thread_in_native, id=19172, stack(0x000000142cf00000,0x000000142d000000)]
  0x00000143a42f6800 JavaThread "Cancel handler" [_thread_blocked, id=15288, stack(0x000000142d000000,0x000000142d100000)]
  0x00000143a42f5000 JavaThread "Daemon worker" [_thread_in_native, id=5828, stack(0x000000142d100000,0x000000142d200000)]
  0x00000143a42f8000 JavaThread "Asynchronous log dispatcher for DefaultDaemonConnection: socket connection from /127.0.0.1:51154 to /127.0.0.1:51155" [_thread_blocked, id=18764, stack(0x000000142d200000,0x000000142d300000)]
  0x00000143a4bc9000 JavaThread "Stdin handler" [_thread_blocked, id=19148, stack(0x000000142d300000,0x000000142d400000)]
  0x00000143a4bc5800 JavaThread "Daemon client event forwarder" [_thread_blocked, id=18452, stack(0x000000142d400000,0x000000142d500000)]
  0x00000143a4bc6800 JavaThread "Cache worker for journal cache (C:\Users\Swathi\.gradle\caches\journal-1)" [_thread_blocked, id=600, stack(0x000000142d500000,0x000000142d600000)]
  0x00000143a4bc7800 JavaThread "File lock request listener" [_thread_in_native, id=15264, stack(0x000000142d600000,0x000000142d700000)]
  0x00000143a4bc4000 JavaThread "Cache worker for file hash cache (C:\Users\Swathi\.gradle\caches\7.5\fileHashes)" [_thread_blocked, id=7996, stack(0x000000142d700000,0x000000142d800000)]
  0x00000143a4bc3000 JavaThread "File watcher server" daemon [_thread_in_native, id=6512, stack(0x000000142d800000,0x000000142d900000)]
  0x00000143a4bc8000 JavaThread "File watcher consumer" daemon [_thread_blocked, id=7876, stack(0x000000142d900000,0x000000142da00000)]
  0x00000143a4bca000 JavaThread "Cache worker for checksums cache (D:\Ankitha\MSC project\2nd sem mini project-WallPaperApp\wallpaperapp\android\.gradle\7.5\checksums)" [_thread_blocked, id=14016, stack(0x000000142da00000,0x000000142db00000)]
  0x00000143a4bca800 JavaThread "Cache worker for cache directory md-rule (C:\Users\Swathi\.gradle\caches\7.5\md-rule)" [_thread_blocked, id=6076, stack(0x000000142db00000,0x000000142dc00000)]
  0x00000143a4bc5000 JavaThread "Cache worker for file content cache (C:\Users\Swathi\.gradle\caches\7.5\fileContent)" [_thread_blocked, id=17488, stack(0x000000142dc00000,0x000000142dd00000)]
  0x00000143a4bd1000 JavaThread "Cache worker for file hash cache (D:\Ankitha\MSC project\2nd sem mini project-WallPaperApp\wallpaperapp\android\.gradle\7.5\fileHashes)" [_thread_blocked, id=17436, stack(0x000000142dd00000,0x000000142de00000)]
  0x00000143a4bcd000 JavaThread "Cache worker for cache directory md-supplier (C:\Users\Swathi\.gradle\caches\7.5\md-supplier)" [_thread_blocked, id=9732, stack(0x000000142de00000,0x000000142df00000)]
  0x00000143a4bcf800 JavaThread "Cache worker for execution history cache (C:\Users\Swathi\.gradle\caches\7.5\executionHistory)" [_thread_blocked, id=11360, stack(0x000000142df00000,0x000000142e000000)]
  0x00000143a4bd0800 JavaThread "jar transforms" [_thread_blocked, id=15548, stack(0x000000142e000000,0x000000142e100000)]
  0x00000143a4bce800 JavaThread "Cache worker for kotlin-dsl (C:\Users\Swathi\.gradle\caches\7.5\kotlin-dsl)" [_thread_blocked, id=2032, stack(0x000000142e100000,0x000000142e200000)]

Other Threads:
  0x00000143a38bc800 VMThread "VM Thread" [stack: 0x000000142bd00000,0x000000142be00000] [id=2136]
  0x00000143a431d000 WatcherThread [stack: 0x000000142c700000,0x000000142c800000] [id=10048]
  0x0000014385110800 GCTaskThread "GC Thread#0" [stack: 0x000000142b800000,0x000000142b900000] [id=14372]
  0x00000143a495b000 GCTaskThread "GC Thread#1" [stack: 0x000000142c900000,0x000000142ca00000] [id=6340]
  0x00000143a566f000 GCTaskThread "GC Thread#2" [stack: 0x000000142cb00000,0x000000142cc00000] [id=13912]
  0x00000143a58dd800 GCTaskThread "GC Thread#3" [stack: 0x000000142cc00000,0x000000142cd00000] [id=15844]
  0x000001438516f800 ConcurrentGCThread "G1 Main Marker" [stack: 0x000000142b900000,0x000000142ba00000] [id=11192]
  0x0000014385170800 ConcurrentGCThread "G1 Conc#0" [stack: 0x000000142ba00000,0x000000142bb00000] [id=16100]
  0x00000143a371e800 ConcurrentGCThread "G1 Refine#0" [stack: 0x000000142bb00000,0x000000142bc00000] [id=4536]
  0x00000143a371f800 ConcurrentGCThread "G1 Young RemSet Sampling" [stack: 0x000000142bc00000,0x000000142bd00000] [id=10968]

Threads with active compile tasks:
C2 CompilerThread0  46641 4945       4       jdk.internal.loader.URLClassPath$JarLoader$2::getCodeSigners (8 bytes)

VM state:not at safepoint (normal execution)

VM Mutex/Monitor currently owned by a thread: None

Heap address: 0x0000000700000000, size: 4096 MB, Compressed Oops mode: Zero based, Oop shift amount: 3
Narrow klass base: 0x0000000800000000, Narrow klass shift: 0
Compressed class space size: 1073741824 Address: 0x0000000800000000

Heap:
 garbage-first heap   total 365568K, used 168600K [0x0000000700000000, 0x0000000800000000)
  region size 1024K, 127 young (130048K), 2 survivors (2048K)
 Metaspace       used 52844K, capacity 54072K, committed 54220K, reserved 1095680K
  class space    used 6528K, capacity 7079K, committed 7168K, reserved 1048576K
Heap Regions: E=young(eden), S=young(survivor), O=old, HS=humongous(starts), HC=humongous(continues), CS=collection set, F=free, A=archive, TAMS=top-at-mark-start (previous, next)
|   0|0x0000000700000000, 0x0000000700100000, 0x0000000700100000|100%|HS|  |TAMS 0x0000000700100000, 0x0000000700000000| Complete 
|   1|0x0000000700100000, 0x0000000700200000, 0x0000000700200000|100%|HC|  |TAMS 0x0000000700200000, 0x0000000700100000| Complete 
|   2|0x0000000700200000, 0x0000000700300000, 0x0000000700300000|100%|HC|  |TAMS 0x0000000700300000, 0x0000000700200000| Complete 
|   3|0x0000000700300000, 0x0000000700400000, 0x0000000700400000|100%| O|  |TAMS 0x0000000700400000, 0x0000000700300000| Untracked 
|   4|0x0000000700400000, 0x0000000700500000, 0x0000000700500000|100%| O|  |TAMS 0x0000000700500000, 0x0000000700400000| Untracked 
|   5|0x0000000700500000, 0x0000000700600000, 0x0000000700600000|100%| O|  |TAMS 0x0000000700600000, 0x0000000700500000| Untracked 
|   6|0x0000000700600000, 0x0000000700700000, 0x0000000700700000|100%| O|  |TAMS 0x0000000700700000, 0x0000000700600000| Untracked 
|   7|0x0000000700700000, 0x0000000700800000, 0x0000000700800000|100%| O|  |TAMS 0x0000000700800000, 0x0000000700700000| Untracked 
|   8|0x0000000700800000, 0x0000000700900000, 0x0000000700900000|100%| O|  |TAMS 0x0000000700900000, 0x0000000700800000| Untracked 
|   9|0x0000000700900000, 0x0000000700a00000, 0x0000000700a00000|100%| O|  |TAMS 0x0000000700a00000, 0x0000000700900000| Untracked 
|  10|0x0000000700a00000, 0x0000000700b00000, 0x0000000700b00000|100%| O|  |TAMS 0x0000000700b00000, 0x0000000700a00000| Untracked 
|  11|0x0000000700b00000, 0x0000000700c00000, 0x0000000700c00000|100%| O|  |TAMS 0x0000000700c00000, 0x0000000700b00000| Untracked 
|  12|0x0000000700c00000, 0x0000000700d00000, 0x0000000700d00000|100%| O|  |TAMS 0x0000000700d00000, 0x0000000700c00000| Untracked 
|  13|0x0000000700d00000, 0x0000000700e00000, 0x0000000700e00000|100%| O|  |TAMS 0x0000000700e00000, 0x0000000700d00000| Untracked 
|  14|0x0000000700e00000, 0x0000000700f00000, 0x0000000700f00000|100%| O|  |TAMS 0x0000000700f00000, 0x0000000700e00000| Untracked 
|  15|0x0000000700f00000, 0x0000000701000000, 0x0000000701000000|100%| O|  |TAMS 0x0000000701000000, 0x0000000700f00000| Untracked 
|  16|0x0000000701000000, 0x0000000701100000, 0x0000000701100000|100%| O|  |TAMS 0x0000000701100000, 0x0000000701000000| Untracked 
|  17|0x0000000701100000, 0x0000000701200000, 0x0000000701200000|100%| O|  |TAMS 0x0000000701200000, 0x0000000701100000| Untracked 
|  18|0x0000000701200000, 0x0000000701300000, 0x0000000701300000|100%| O|  |TAMS 0x0000000701300000, 0x0000000701200000| Untracked 
|  19|0x0000000701300000, 0x0000000701400000, 0x0000000701400000|100%| O|  |TAMS 0x0000000701400000, 0x0000000701300000| Untracked 
|  20|0x0000000701400000, 0x0000000701500000, 0x0000000701500000|100%| O|  |TAMS 0x0000000701500000, 0x0000000701400000| Untracked 
|  21|0x0000000701500000, 0x0000000701600000, 0x0000000701600000|100%| O|  |TAMS 0x0000000701600000, 0x0000000701500000| Untracked 
|  22|0x0000000701600000, 0x0000000701700000, 0x0000000701700000|100%| O|  |TAMS 0x0000000701700000, 0x0000000701600000| Untracked 
|  23|0x0000000701700000, 0x0000000701800000, 0x0000000701800000|100%| O|  |TAMS 0x0000000701800000, 0x0000000701700000| Untracked 
|  24|0x0000000701800000, 0x0000000701900000, 0x0000000701900000|100%| O|  |TAMS 0x0000000701900000, 0x0000000701800000| Untracked 
|  25|0x0000000701900000, 0x0000000701a00000, 0x0000000701a00000|100%| O|  |TAMS 0x0000000701a00000, 0x0000000701900000| Untracked 
|  26|0x0000000701a00000, 0x0000000701b00000, 0x0000000701b00000|100%| O|  |TAMS 0x0000000701a00000, 0x0000000701a00000| Untracked 
|  27|0x0000000701b00000, 0x0000000701c00000, 0x0000000701c00000|100%| O|  |TAMS 0x0000000701c00000, 0x0000000701b00000| Untracked 
|  28|0x0000000701c00000, 0x0000000701d00000, 0x0000000701d00000|100%| O|  |TAMS 0x0000000701d00000, 0x0000000701c00000| Untracked 
|  29|0x0000000701d00000, 0x0000000701e00000, 0x0000000701e00000|100%| O|  |TAMS 0x0000000701d16c00, 0x0000000701d00000| Untracked 
|  30|0x0000000701e00000, 0x0000000701f00000, 0x0000000701f00000|100%| O|  |TAMS 0x0000000701e00000, 0x0000000701e00000| Untracked 
|  31|0x0000000701f00000, 0x0000000702000000, 0x0000000702000000|100%| O|  |TAMS 0x0000000701f00000, 0x0000000701f00000| Untracked 
|  32|0x0000000702000000, 0x0000000702100000, 0x0000000702100000|100%| O|  |TAMS 0x0000000702000000, 0x0000000702000000| Untracked 
|  33|0x0000000702100000, 0x0000000702200000, 0x0000000702200000|100%| O|  |TAMS 0x0000000702100000, 0x0000000702100000| Untracked 
|  34|0x0000000702200000, 0x0000000702300000, 0x0000000702300000|100%| O|  |TAMS 0x0000000702200000, 0x0000000702200000| Untracked 
|  35|0x0000000702300000, 0x00000007023d6200, 0x0000000702400000| 83%| O|  |TAMS 0x0000000702300000, 0x0000000702300000| Untracked 
|  36|0x0000000702400000, 0x0000000702500000, 0x0000000702500000|100%|HS|  |TAMS 0x0000000702400000, 0x0000000702400000| Complete 
|  37|0x0000000702500000, 0x0000000702600000, 0x0000000702600000|100%|HC|  |TAMS 0x0000000702500000, 0x0000000702500000| Complete 
|  38|0x0000000702600000, 0x0000000702700000, 0x0000000702700000|100%|HC|  |TAMS 0x0000000702600000, 0x0000000702600000| Complete 
|  39|0x0000000702700000, 0x0000000702700000, 0x0000000702800000|  0%| F|  |TAMS 0x0000000702700000, 0x0000000702700000| Untracked 
|  40|0x0000000702800000, 0x0000000702800000, 0x0000000702900000|  0%| F|  |TAMS 0x0000000702800000, 0x0000000702800000| Untracked 
|  41|0x0000000702900000, 0x0000000702900000, 0x0000000702a00000|  0%| F|  |TAMS 0x0000000702900000, 0x0000000702900000| Untracked 
|  42|0x0000000702a00000, 0x0000000702a00000, 0x0000000702b00000|  0%| F|  |TAMS 0x0000000702a00000, 0x0000000702a00000| Untracked 
|  43|0x0000000702b00000, 0x0000000702b00000, 0x0000000702c00000|  0%| F|  |TAMS 0x0000000702b00000, 0x0000000702b00000| Untracked 
|  44|0x0000000702c00000, 0x0000000702c00000, 0x0000000702d00000|  0%| F|  |TAMS 0x0000000702c00000, 0x0000000702c00000| Untracked 
|  45|0x0000000702d00000, 0x0000000702d00000, 0x0000000702e00000|  0%| F|  |TAMS 0x0000000702d00000, 0x0000000702d00000| Untracked 
|  46|0x0000000702e00000, 0x0000000702e00000, 0x0000000702f00000|  0%| F|  |TAMS 0x0000000702e00000, 0x0000000702e00000| Untracked 
|  47|0x0000000702f00000, 0x0000000702f00000, 0x0000000703000000|  0%| F|  |TAMS 0x0000000702f00000, 0x0000000702f00000| Untracked 
|  48|0x0000000703000000, 0x0000000703000000, 0x0000000703100000|  0%| F|  |TAMS 0x0000000703000000, 0x0000000703000000| Untracked 
|  49|0x0000000703100000, 0x0000000703100000, 0x0000000703200000|  0%| F|  |TAMS 0x0000000703100000, 0x0000000703100000| Untracked 
|  50|0x0000000703200000, 0x0000000703200000, 0x0000000703300000|  0%| F|  |TAMS 0x0000000703200000, 0x0000000703200000| Untracked 
|  51|0x0000000703300000, 0x0000000703300000, 0x0000000703400000|  0%| F|  |TAMS 0x0000000703300000, 0x0000000703300000| Untracked 
|  52|0x0000000703400000, 0x0000000703400000, 0x0000000703500000|  0%| F|  |TAMS 0x0000000703400000, 0x0000000703400000| Untracked 
|  53|0x0000000703500000, 0x0000000703500000, 0x0000000703600000|  0%| F|  |TAMS 0x0000000703500000, 0x0000000703500000| Untracked 
|  54|0x0000000703600000, 0x0000000703600000, 0x0000000703700000|  0%| F|  |TAMS 0x0000000703600000, 0x0000000703600000| Untracked 
|  55|0x0000000703700000, 0x0000000703700000, 0x0000000703800000|  0%| F|  |TAMS 0x0000000703700000, 0x0000000703700000| Untracked 
|  56|0x0000000703800000, 0x0000000703800000, 0x0000000703900000|  0%| F|  |TAMS 0x0000000703800000, 0x0000000703800000| Untracked 
|  57|0x0000000703900000, 0x0000000703900000, 0x0000000703a00000|  0%| F|  |TAMS 0x0000000703900000, 0x0000000703900000| Untracked 
|  58|0x0000000703a00000, 0x0000000703a00000, 0x0000000703b00000|  0%| F|  |TAMS 0x0000000703a00000, 0x0000000703a00000| Untracked 
|  59|0x0000000703b00000, 0x0000000703b00000, 0x0000000703c00000|  0%| F|  |TAMS 0x0000000703b00000, 0x0000000703b00000| Untracked 
|  60|0x0000000703c00000, 0x0000000703c00000, 0x0000000703d00000|  0%| F|  |TAMS 0x0000000703c00000, 0x0000000703c00000| Untracked 
|  61|0x0000000703d00000, 0x0000000703d00000, 0x0000000703e00000|  0%| F|  |TAMS 0x0000000703d00000, 0x0000000703d00000| Untracked 
|  62|0x0000000703e00000, 0x0000000703e00000, 0x0000000703f00000|  0%| F|  |TAMS 0x0000000703e00000, 0x0000000703e00000| Untracked 
|  63|0x0000000703f00000, 0x0000000703f00000, 0x0000000704000000|  0%| F|  |TAMS 0x0000000703f00000, 0x0000000703f00000| Untracked 
|  64|0x0000000704000000, 0x0000000704000000, 0x0000000704100000|  0%| F|  |TAMS 0x0000000704000000, 0x0000000704000000| Untracked 
|  65|0x0000000704100000, 0x0000000704100000, 0x0000000704200000|  0%| F|  |TAMS 0x0000000704100000, 0x0000000704100000| Untracked 
|  66|0x0000000704200000, 0x0000000704200000, 0x0000000704300000|  0%| F|  |TAMS 0x0000000704200000, 0x0000000704200000| Untracked 
|  67|0x0000000704300000, 0x0000000704300000, 0x0000000704400000|  0%| F|  |TAMS 0x0000000704300000, 0x0000000704300000| Untracked 
|  68|0x0000000704400000, 0x0000000704400000, 0x0000000704500000|  0%| F|  |TAMS 0x0000000704400000, 0x0000000704400000| Untracked 
|  69|0x0000000704500000, 0x0000000704500000, 0x0000000704600000|  0%| F|  |TAMS 0x0000000704500000, 0x0000000704500000| Untracked 
|  70|0x0000000704600000, 0x0000000704600000, 0x0000000704700000|  0%| F|  |TAMS 0x0000000704600000, 0x0000000704600000| Untracked 
|  71|0x0000000704700000, 0x0000000704700000, 0x0000000704800000|  0%| F|  |TAMS 0x0000000704700000, 0x0000000704700000| Untracked 
|  72|0x0000000704800000, 0x0000000704800000, 0x0000000704900000|  0%| F|  |TAMS 0x0000000704800000, 0x0000000704800000| Untracked 
|  73|0x0000000704900000, 0x0000000704900000, 0x0000000704a00000|  0%| F|  |TAMS 0x0000000704900000, 0x0000000704900000| Untracked 
|  74|0x0000000704a00000, 0x0000000704a00000, 0x0000000704b00000|  0%| F|  |TAMS 0x0000000704a00000, 0x0000000704a00000| Untracked 
|  75|0x0000000704b00000, 0x0000000704b00000, 0x0000000704c00000|  0%| F|  |TAMS 0x0000000704b00000, 0x0000000704b00000| Untracked 
|  76|0x0000000704c00000, 0x0000000704c00000, 0x0000000704d00000|  0%| F|  |TAMS 0x0000000704c00000, 0x0000000704c00000| Untracked 
|  77|0x0000000704d00000, 0x0000000704d00000, 0x0000000704e00000|  0%| F|  |TAMS 0x0000000704d00000, 0x0000000704d00000| Untracked 
|  78|0x0000000704e00000, 0x0000000704e00000, 0x0000000704f00000|  0%| F|  |TAMS 0x0000000704e00000, 0x0000000704e00000| Untracked 
|  79|0x0000000704f00000, 0x0000000704f00000, 0x0000000705000000|  0%| F|  |TAMS 0x0000000704f00000, 0x0000000704f00000| Untracked 
|  80|0x0000000705000000, 0x0000000705000000, 0x0000000705100000|  0%| F|  |TAMS 0x0000000705000000, 0x0000000705000000| Untracked 
|  81|0x0000000705100000, 0x0000000705100000, 0x0000000705200000|  0%| F|  |TAMS 0x0000000705100000, 0x0000000705100000| Untracked 
|  82|0x0000000705200000, 0x0000000705200000, 0x0000000705300000|  0%| F|  |TAMS 0x0000000705200000, 0x0000000705200000| Untracked 
|  83|0x0000000705300000, 0x0000000705300000, 0x0000000705400000|  0%| F|  |TAMS 0x0000000705300000, 0x0000000705300000| Untracked 
|  84|0x0000000705400000, 0x0000000705400000, 0x0000000705500000|  0%| F|  |TAMS 0x0000000705400000, 0x0000000705400000| Untracked 
|  85|0x0000000705500000, 0x0000000705500000, 0x0000000705600000|  0%| F|  |TAMS 0x0000000705500000, 0x0000000705500000| Untracked 
|  86|0x0000000705600000, 0x0000000705600000, 0x0000000705700000|  0%| F|  |TAMS 0x0000000705600000, 0x0000000705600000| Untracked 
|  87|0x0000000705700000, 0x0000000705700000, 0x0000000705800000|  0%| F|  |TAMS 0x0000000705700000, 0x0000000705700000| Untracked 
|  88|0x0000000705800000, 0x0000000705800000, 0x0000000705900000|  0%| F|  |TAMS 0x0000000705800000, 0x0000000705800000| Untracked 
|  89|0x0000000705900000, 0x0000000705900000, 0x0000000705a00000|  0%| F|  |TAMS 0x0000000705900000, 0x0000000705900000| Untracked 
|  90|0x0000000705a00000, 0x0000000705a00000, 0x0000000705b00000|  0%| F|  |TAMS 0x0000000705a00000, 0x0000000705a00000| Untracked 
|  91|0x0000000705b00000, 0x0000000705b00000, 0x0000000705c00000|  0%| F|  |TAMS 0x0000000705b00000, 0x0000000705b00000| Untracked 
|  92|0x0000000705c00000, 0x0000000705c00000, 0x0000000705d00000|  0%| F|  |TAMS 0x0000000705c00000, 0x0000000705c00000| Untracked 
|  93|0x0000000705d00000, 0x0000000705d00000, 0x0000000705e00000|  0%| F|  |TAMS 0x0000000705d00000, 0x0000000705d00000| Untracked 
|  94|0x0000000705e00000, 0x0000000705e00000, 0x0000000705f00000|  0%| F|  |TAMS 0x0000000705e00000, 0x0000000705e00000| Untracked 
|  95|0x0000000705f00000, 0x0000000705f00000, 0x0000000706000000|  0%| F|  |TAMS 0x0000000705f00000, 0x0000000705f00000| Untracked 
|  96|0x0000000706000000, 0x0000000706000000, 0x0000000706100000|  0%| F|  |TAMS 0x0000000706000000, 0x0000000706000000| Untracked 
|  97|0x0000000706100000, 0x0000000706100000, 0x0000000706200000|  0%| F|  |TAMS 0x0000000706100000, 0x0000000706100000| Untracked 
|  98|0x0000000706200000, 0x0000000706200000, 0x0000000706300000|  0%| F|  |TAMS 0x0000000706200000, 0x0000000706200000| Untracked 
|  99|0x0000000706300000, 0x0000000706300000, 0x0000000706400000|  0%| F|  |TAMS 0x0000000706300000, 0x0000000706300000| Untracked 
| 100|0x0000000706400000, 0x0000000706400000, 0x0000000706500000|  0%| F|  |TAMS 0x0000000706400000, 0x0000000706400000| Untracked 
| 101|0x0000000706500000, 0x0000000706500000, 0x0000000706600000|  0%| F|  |TAMS 0x0000000706500000, 0x0000000706500000| Untracked 
| 102|0x0000000706600000, 0x0000000706600000, 0x0000000706700000|  0%| F|  |TAMS 0x0000000706600000, 0x0000000706600000| Untracked 
| 103|0x0000000706700000, 0x0000000706700000, 0x0000000706800000|  0%| F|  |TAMS 0x0000000706700000, 0x0000000706700000| Untracked 
| 104|0x0000000706800000, 0x0000000706800000, 0x0000000706900000|  0%| F|  |TAMS 0x0000000706800000, 0x0000000706800000| Untracked 
| 105|0x0000000706900000, 0x0000000706900000, 0x0000000706a00000|  0%| F|  |TAMS 0x0000000706900000, 0x0000000706900000| Untracked 
| 106|0x0000000706a00000, 0x0000000706a00000, 0x0000000706b00000|  0%| F|  |TAMS 0x0000000706a00000, 0x0000000706a00000| Untracked 
| 107|0x0000000706b00000, 0x0000000706b00000, 0x0000000706c00000|  0%| F|  |TAMS 0x0000000706b00000, 0x0000000706b00000| Untracked 
| 108|0x0000000706c00000, 0x0000000706c00000, 0x0000000706d00000|  0%| F|  |TAMS 0x0000000706c00000, 0x0000000706c00000| Untracked 
| 109|0x0000000706d00000, 0x0000000706d00000, 0x0000000706e00000|  0%| F|  |TAMS 0x0000000706d00000, 0x0000000706d00000| Untracked 
| 110|0x0000000706e00000, 0x0000000706e00000, 0x0000000706f00000|  0%| F|  |TAMS 0x0000000706e00000, 0x0000000706e00000| Untracked 
| 111|0x0000000706f00000, 0x0000000706f00000, 0x0000000707000000|  0%| F|  |TAMS 0x0000000706f00000, 0x0000000706f00000| Untracked 
| 112|0x0000000707000000, 0x0000000707000000, 0x0000000707100000|  0%| F|  |TAMS 0x0000000707000000, 0x0000000707000000| Untracked 
| 113|0x0000000707100000, 0x0000000707100000, 0x0000000707200000|  0%| F|  |TAMS 0x0000000707100000, 0x0000000707100000| Untracked 
| 114|0x0000000707200000, 0x0000000707200000, 0x0000000707300000|  0%| F|  |TAMS 0x0000000707200000, 0x0000000707200000| Untracked 
| 115|0x0000000707300000, 0x0000000707300000, 0x0000000707400000|  0%| F|  |TAMS 0x0000000707300000, 0x0000000707300000| Untracked 
| 116|0x0000000707400000, 0x0000000707400000, 0x0000000707500000|  0%| F|  |TAMS 0x0000000707400000, 0x0000000707400000| Untracked 
| 117|0x0000000707500000, 0x0000000707500000, 0x0000000707600000|  0%| F|  |TAMS 0x0000000707500000, 0x0000000707500000| Untracked 
| 118|0x0000000707600000, 0x0000000707600000, 0x0000000707700000|  0%| F|  |TAMS 0x0000000707600000, 0x0000000707600000| Untracked 
| 119|0x0000000707700000, 0x0000000707700000, 0x0000000707800000|  0%| F|  |TAMS 0x0000000707700000, 0x0000000707700000| Untracked 
| 120|0x0000000707800000, 0x0000000707800000, 0x0000000707900000|  0%| F|  |TAMS 0x0000000707800000, 0x0000000707800000| Untracked 
| 121|0x0000000707900000, 0x0000000707900000, 0x0000000707a00000|  0%| F|  |TAMS 0x0000000707900000, 0x0000000707900000| Untracked 
| 122|0x0000000707a00000, 0x0000000707a00000, 0x0000000707b00000|  0%| F|  |TAMS 0x0000000707a00000, 0x0000000707a00000| Untracked 
| 123|0x0000000707b00000, 0x0000000707b00000, 0x0000000707c00000|  0%| F|  |TAMS 0x0000000707b00000, 0x0000000707b00000| Untracked 
| 124|0x0000000707c00000, 0x0000000707c00000, 0x0000000707d00000|  0%| F|  |TAMS 0x0000000707c00000, 0x0000000707c00000| Untracked 
| 125|0x0000000707d00000, 0x0000000707d00000, 0x0000000707e00000|  0%| F|  |TAMS 0x0000000707d00000, 0x0000000707d00000| Untracked 
| 126|0x0000000707e00000, 0x0000000707e00000, 0x0000000707f00000|  0%| F|  |TAMS 0x0000000707e00000, 0x0000000707e00000| Untracked 
| 127|0x0000000707f00000, 0x0000000707f00000, 0x0000000708000000|  0%| F|  |TAMS 0x0000000707f00000, 0x0000000707f00000| Untracked 
| 128|0x0000000708000000, 0x0000000708000000, 0x0000000708100000|  0%| F|  |TAMS 0x0000000708000000, 0x0000000708000000| Untracked 
| 129|0x0000000708100000, 0x0000000708100000, 0x0000000708200000|  0%| F|  |TAMS 0x0000000708100000, 0x0000000708100000| Untracked 
| 130|0x0000000708200000, 0x0000000708200000, 0x0000000708300000|  0%| F|  |TAMS 0x0000000708200000, 0x0000000708200000| Untracked 
| 131|0x0000000708300000, 0x0000000708300000, 0x0000000708400000|  0%| F|  |TAMS 0x0000000708300000, 0x0000000708300000| Untracked 
| 132|0x0000000708400000, 0x0000000708400000, 0x0000000708500000|  0%| F|  |TAMS 0x0000000708400000, 0x0000000708400000| Untracked 
| 133|0x0000000708500000, 0x0000000708500000, 0x0000000708600000|  0%| F|  |TAMS 0x0000000708500000, 0x0000000708500000| Untracked 
| 134|0x0000000708600000, 0x0000000708600000, 0x0000000708700000|  0%| F|  |TAMS 0x0000000708600000, 0x0000000708600000| Untracked 
| 135|0x0000000708700000, 0x0000000708700000, 0x0000000708800000|  0%| F|  |TAMS 0x0000000708700000, 0x0000000708700000| Untracked 
| 136|0x0000000708800000, 0x0000000708800000, 0x0000000708900000|  0%| F|  |TAMS 0x0000000708800000, 0x0000000708800000| Untracked 
| 137|0x0000000708900000, 0x0000000708900000, 0x0000000708a00000|  0%| F|  |TAMS 0x0000000708900000, 0x0000000708900000| Untracked 
| 138|0x0000000708a00000, 0x0000000708a00000, 0x0000000708b00000|  0%| F|  |TAMS 0x0000000708a00000, 0x0000000708a00000| Untracked 
| 139|0x0000000708b00000, 0x0000000708b00000, 0x0000000708c00000|  0%| F|  |TAMS 0x0000000708b00000, 0x0000000708b00000| Untracked 
| 140|0x0000000708c00000, 0x0000000708c00000, 0x0000000708d00000|  0%| F|  |TAMS 0x0000000708c00000, 0x0000000708c00000| Untracked 
| 141|0x0000000708d00000, 0x0000000708dd01a8, 0x0000000708e00000| 81%| S|CS|TAMS 0x0000000708d00000, 0x0000000708d00000| Complete 
| 142|0x0000000708e00000, 0x0000000708f00000, 0x0000000708f00000|100%| S|CS|TAMS 0x0000000708e00000, 0x0000000708e00000| Complete 
| 143|0x0000000708f00000, 0x0000000708f00000, 0x0000000709000000|  0%| F|  |TAMS 0x0000000708f00000, 0x0000000708f00000| Untracked 
| 144|0x0000000709000000, 0x0000000709000000, 0x0000000709100000|  0%| F|  |TAMS 0x0000000709000000, 0x0000000709000000| Untracked 
| 145|0x0000000709100000, 0x0000000709100000, 0x0000000709200000|  0%| F|  |TAMS 0x0000000709100000, 0x0000000709100000| Untracked 
| 146|0x0000000709200000, 0x0000000709200000, 0x0000000709300000|  0%| F|  |TAMS 0x0000000709200000, 0x0000000709200000| Untracked 
| 147|0x0000000709300000, 0x0000000709300000, 0x0000000709400000|  0%| F|  |TAMS 0x0000000709300000, 0x0000000709300000| Untracked 
| 148|0x0000000709400000, 0x0000000709400000, 0x0000000709500000|  0%| F|  |TAMS 0x0000000709400000, 0x0000000709400000| Untracked 
| 149|0x0000000709500000, 0x0000000709500000, 0x0000000709600000|  0%| F|  |TAMS 0x0000000709500000, 0x0000000709500000| Untracked 
| 150|0x0000000709600000, 0x0000000709600000, 0x0000000709700000|  0%| F|  |TAMS 0x0000000709600000, 0x0000000709600000| Untracked 
| 151|0x0000000709700000, 0x0000000709700000, 0x0000000709800000|  0%| F|  |TAMS 0x0000000709700000, 0x0000000709700000| Untracked 
| 152|0x0000000709800000, 0x0000000709800000, 0x0000000709900000|  0%| F|  |TAMS 0x0000000709800000, 0x0000000709800000| Untracked 
| 153|0x0000000709900000, 0x0000000709900000, 0x0000000709a00000|  0%| F|  |TAMS 0x0000000709900000, 0x0000000709900000| Untracked 
| 154|0x0000000709a00000, 0x0000000709a00000, 0x0000000709b00000|  0%| F|  |TAMS 0x0000000709a00000, 0x0000000709a00000| Untracked 
| 155|0x0000000709b00000, 0x0000000709b00000, 0x0000000709c00000|  0%| F|  |TAMS 0x0000000709b00000, 0x0000000709b00000| Untracked 
| 156|0x0000000709c00000, 0x0000000709c00000, 0x0000000709d00000|  0%| F|  |TAMS 0x0000000709c00000, 0x0000000709c00000| Untracked 
| 157|0x0000000709d00000, 0x0000000709d00000, 0x0000000709e00000|  0%| F|  |TAMS 0x0000000709d00000, 0x0000000709d00000| Untracked 
| 158|0x0000000709e00000, 0x0000000709e00000, 0x0000000709f00000|  0%| F|  |TAMS 0x0000000709e00000, 0x0000000709e00000| Untracked 
| 159|0x0000000709f00000, 0x0000000709f00000, 0x000000070a000000|  0%| F|  |TAMS 0x0000000709f00000, 0x0000000709f00000| Untracked 
| 160|0x000000070a000000, 0x000000070a000000, 0x000000070a100000|  0%| F|  |TAMS 0x000000070a000000, 0x000000070a000000| Untracked 
| 161|0x000000070a100000, 0x000000070a100000, 0x000000070a200000|  0%| F|  |TAMS 0x000000070a100000, 0x000000070a100000| Untracked 
| 162|0x000000070a200000, 0x000000070a200000, 0x000000070a300000|  0%| F|  |TAMS 0x000000070a200000, 0x000000070a200000| Untracked 
| 163|0x000000070a300000, 0x000000070a300000, 0x000000070a400000|  0%| F|  |TAMS 0x000000070a300000, 0x000000070a300000| Untracked 
| 164|0x000000070a400000, 0x000000070a400000, 0x000000070a500000|  0%| F|  |TAMS 0x000000070a400000, 0x000000070a400000| Untracked 
| 165|0x000000070a500000, 0x000000070a500000, 0x000000070a600000|  0%| F|  |TAMS 0x000000070a500000, 0x000000070a500000| Untracked 
| 166|0x000000070a600000, 0x000000070a600000, 0x000000070a700000|  0%| F|  |TAMS 0x000000070a600000, 0x000000070a600000| Untracked 
| 167|0x000000070a700000, 0x000000070a700000, 0x000000070a800000|  0%| F|  |TAMS 0x000000070a700000, 0x000000070a700000| Untracked 
| 168|0x000000070a800000, 0x000000070a800000, 0x000000070a900000|  0%| F|  |TAMS 0x000000070a800000, 0x000000070a800000| Untracked 
| 169|0x000000070a900000, 0x000000070a900000, 0x000000070aa00000|  0%| F|  |TAMS 0x000000070a900000, 0x000000070a900000| Untracked 
| 170|0x000000070aa00000, 0x000000070aa00000, 0x000000070ab00000|  0%| F|  |TAMS 0x000000070aa00000, 0x000000070aa00000| Untracked 
| 171|0x000000070ab00000, 0x000000070ab00000, 0x000000070ac00000|  0%| F|  |TAMS 0x000000070ab00000, 0x000000070ab00000| Untracked 
| 172|0x000000070ac00000, 0x000000070ac00000, 0x000000070ad00000|  0%| F|  |TAMS 0x000000070ac00000, 0x000000070ac00000| Untracked 
| 173|0x000000070ad00000, 0x000000070ad00000, 0x000000070ae00000|  0%| F|  |TAMS 0x000000070ad00000, 0x000000070ad00000| Untracked 
| 174|0x000000070ae00000, 0x000000070ae00000, 0x000000070af00000|  0%| F|  |TAMS 0x000000070ae00000, 0x000000070ae00000| Untracked 
| 175|0x000000070af00000, 0x000000070af00000, 0x000000070b000000|  0%| F|  |TAMS 0x000000070af00000, 0x000000070af00000| Untracked 
| 176|0x000000070b000000, 0x000000070b000000, 0x000000070b100000|  0%| F|  |TAMS 0x000000070b000000, 0x000000070b000000| Untracked 
| 177|0x000000070b100000, 0x000000070b100000, 0x000000070b200000|  0%| F|  |TAMS 0x000000070b100000, 0x000000070b100000| Untracked 
| 178|0x000000070b200000, 0x000000070b200000, 0x000000070b300000|  0%| F|  |TAMS 0x000000070b200000, 0x000000070b200000| Untracked 
| 179|0x000000070b300000, 0x000000070b300000, 0x000000070b400000|  0%| F|  |TAMS 0x000000070b300000, 0x000000070b300000| Untracked 
| 180|0x000000070b400000, 0x000000070b400000, 0x000000070b500000|  0%| F|  |TAMS 0x000000070b400000, 0x000000070b400000| Untracked 
| 181|0x000000070b500000, 0x000000070b500000, 0x000000070b600000|  0%| F|  |TAMS 0x000000070b500000, 0x000000070b500000| Untracked 
| 182|0x000000070b600000, 0x000000070b600000, 0x000000070b700000|  0%| F|  |TAMS 0x000000070b600000, 0x000000070b600000| Untracked 
| 183|0x000000070b700000, 0x000000070b700000, 0x000000070b800000|  0%| F|  |TAMS 0x000000070b700000, 0x000000070b700000| Untracked 
| 184|0x000000070b800000, 0x000000070b800000, 0x000000070b900000|  0%| F|  |TAMS 0x000000070b800000, 0x000000070b800000| Untracked 
| 185|0x000000070b900000, 0x000000070b900000, 0x000000070ba00000|  0%| F|  |TAMS 0x000000070b900000, 0x000000070b900000| Untracked 
| 186|0x000000070ba00000, 0x000000070ba00000, 0x000000070bb00000|  0%| F|  |TAMS 0x000000070ba00000, 0x000000070ba00000| Untracked 
| 187|0x000000070bb00000, 0x000000070bb00000, 0x000000070bc00000|  0%| F|  |TAMS 0x000000070bb00000, 0x000000070bb00000| Untracked 
| 188|0x000000070bc00000, 0x000000070bc00000, 0x000000070bd00000|  0%| F|  |TAMS 0x000000070bc00000, 0x000000070bc00000| Untracked 
| 189|0x000000070bd00000, 0x000000070bd00000, 0x000000070be00000|  0%| F|  |TAMS 0x000000070bd00000, 0x000000070bd00000| Untracked 
| 190|0x000000070be00000, 0x000000070be00000, 0x000000070bf00000|  0%| F|  |TAMS 0x000000070be00000, 0x000000070be00000| Untracked 
| 191|0x000000070bf00000, 0x000000070bf00000, 0x000000070c000000|  0%| F|  |TAMS 0x000000070bf00000, 0x000000070bf00000| Untracked 
| 192|0x000000070c000000, 0x000000070c000000, 0x000000070c100000|  0%| F|  |TAMS 0x000000070c000000, 0x000000070c000000| Untracked 
| 193|0x000000070c100000, 0x000000070c100000, 0x000000070c200000|  0%| F|  |TAMS 0x000000070c100000, 0x000000070c100000| Untracked 
| 194|0x000000070c200000, 0x000000070c200000, 0x000000070c300000|  0%| F|  |TAMS 0x000000070c200000, 0x000000070c200000| Untracked 
| 195|0x000000070c300000, 0x000000070c300000, 0x000000070c400000|  0%| F|  |TAMS 0x000000070c300000, 0x000000070c300000| Untracked 
| 196|0x000000070c400000, 0x000000070c400000, 0x000000070c500000|  0%| F|  |TAMS 0x000000070c400000, 0x000000070c400000| Untracked 
| 197|0x000000070c500000, 0x000000070c500000, 0x000000070c600000|  0%| F|  |TAMS 0x000000070c500000, 0x000000070c500000| Untracked 
| 198|0x000000070c600000, 0x000000070c600000, 0x000000070c700000|  0%| F|  |TAMS 0x000000070c600000, 0x000000070c600000| Untracked 
| 199|0x000000070c700000, 0x000000070c700000, 0x000000070c800000|  0%| F|  |TAMS 0x000000070c700000, 0x000000070c700000| Untracked 
| 200|0x000000070c800000, 0x000000070c800000, 0x000000070c900000|  0%| F|  |TAMS 0x000000070c800000, 0x000000070c800000| Untracked 
| 201|0x000000070c900000, 0x000000070c900000, 0x000000070ca00000|  0%| F|  |TAMS 0x000000070c900000, 0x000000070c900000| Untracked 
| 202|0x000000070ca00000, 0x000000070ca00000, 0x000000070cb00000|  0%| F|  |TAMS 0x000000070ca00000, 0x000000070ca00000| Untracked 
| 203|0x000000070cb00000, 0x000000070cb00000, 0x000000070cc00000|  0%| F|  |TAMS 0x000000070cb00000, 0x000000070cb00000| Untracked 
| 204|0x000000070cc00000, 0x000000070cc00000, 0x000000070cd00000|  0%| F|  |TAMS 0x000000070cc00000, 0x000000070cc00000| Untracked 
| 205|0x000000070cd00000, 0x000000070cd00000, 0x000000070ce00000|  0%| F|  |TAMS 0x000000070cd00000, 0x000000070cd00000| Untracked 
| 206|0x000000070ce00000, 0x000000070ce00000, 0x000000070cf00000|  0%| F|  |TAMS 0x000000070ce00000, 0x000000070ce00000| Untracked 
| 207|0x000000070cf00000, 0x000000070cf00000, 0x000000070d000000|  0%| F|  |TAMS 0x000000070cf00000, 0x000000070cf00000| Untracked 
| 208|0x000000070d000000, 0x000000070d000000, 0x000000070d100000|  0%| F|  |TAMS 0x000000070d000000, 0x000000070d000000| Untracked 
| 209|0x000000070d100000, 0x000000070d100000, 0x000000070d200000|  0%| F|  |TAMS 0x000000070d100000, 0x000000070d100000| Untracked 
| 210|0x000000070d200000, 0x000000070d200000, 0x000000070d300000|  0%| F|  |TAMS 0x000000070d200000, 0x000000070d200000| Untracked 
| 211|0x000000070d300000, 0x000000070d300000, 0x000000070d400000|  0%| F|  |TAMS 0x000000070d300000, 0x000000070d300000| Untracked 
| 212|0x000000070d400000, 0x000000070d400000, 0x000000070d500000|  0%| F|  |TAMS 0x000000070d400000, 0x000000070d400000| Untracked 
| 213|0x000000070d500000, 0x000000070d500000, 0x000000070d600000|  0%| F|  |TAMS 0x000000070d500000, 0x000000070d500000| Untracked 
| 214|0x000000070d600000, 0x000000070d600000, 0x000000070d700000|  0%| F|  |TAMS 0x000000070d600000, 0x000000070d600000| Untracked 
| 215|0x000000070d700000, 0x000000070d700000, 0x000000070d800000|  0%| F|  |TAMS 0x000000070d700000, 0x000000070d700000| Untracked 
| 216|0x000000070d800000, 0x000000070d800000, 0x000000070d900000|  0%| F|  |TAMS 0x000000070d800000, 0x000000070d800000| Untracked 
| 217|0x000000070d900000, 0x000000070d900000, 0x000000070da00000|  0%| F|  |TAMS 0x000000070d900000, 0x000000070d900000| Untracked 
| 218|0x000000070da00000, 0x000000070da00000, 0x000000070db00000|  0%| F|  |TAMS 0x000000070da00000, 0x000000070da00000| Untracked 
| 219|0x000000070db00000, 0x000000070db00000, 0x000000070dc00000|  0%| F|  |TAMS 0x000000070db00000, 0x000000070db00000| Untracked 
| 220|0x000000070dc00000, 0x000000070dc00000, 0x000000070dd00000|  0%| F|  |TAMS 0x000000070dc00000, 0x000000070dc00000| Untracked 
| 221|0x000000070dd00000, 0x000000070dd00000, 0x000000070de00000|  0%| F|  |TAMS 0x000000070dd00000, 0x000000070dd00000| Untracked 
| 222|0x000000070de00000, 0x000000070de00000, 0x000000070df00000|  0%| F|  |TAMS 0x000000070de00000, 0x000000070de00000| Untracked 
| 223|0x000000070df00000, 0x000000070df00000, 0x000000070e000000|  0%| F|  |TAMS 0x000000070df00000, 0x000000070df00000| Untracked 
| 224|0x000000070e000000, 0x000000070e000000, 0x000000070e100000|  0%| F|  |TAMS 0x000000070e000000, 0x000000070e000000| Untracked 
| 225|0x000000070e100000, 0x000000070e100000, 0x000000070e200000|  0%| F|  |TAMS 0x000000070e100000, 0x000000070e100000| Untracked 
| 226|0x000000070e200000, 0x000000070e200000, 0x000000070e300000|  0%| F|  |TAMS 0x000000070e200000, 0x000000070e200000| Untracked 
| 227|0x000000070e300000, 0x000000070e300000, 0x000000070e400000|  0%| F|  |TAMS 0x000000070e300000, 0x000000070e300000| Untracked 
| 228|0x000000070e400000, 0x000000070e400000, 0x000000070e500000|  0%| F|  |TAMS 0x000000070e400000, 0x000000070e400000| Untracked 
| 229|0x000000070e500000, 0x000000070e500000, 0x000000070e600000|  0%| F|  |TAMS 0x000000070e500000, 0x000000070e500000| Untracked 
| 230|0x000000070e600000, 0x000000070e600000, 0x000000070e700000|  0%| F|  |TAMS 0x000000070e600000, 0x000000070e600000| Untracked 
| 231|0x000000070e700000, 0x000000070e700000, 0x000000070e800000|  0%| F|  |TAMS 0x000000070e700000, 0x000000070e700000| Untracked 
| 232|0x000000070e800000, 0x000000070e900000, 0x000000070e900000|100%| E|  |TAMS 0x000000070e800000, 0x000000070e800000| Complete 
| 233|0x000000070e900000, 0x000000070ea00000, 0x000000070ea00000|100%| E|CS|TAMS 0x000000070e900000, 0x000000070e900000| Complete 
| 234|0x000000070ea00000, 0x000000070eb00000, 0x000000070eb00000|100%| E|CS|TAMS 0x000000070ea00000, 0x000000070ea00000| Complete 
| 235|0x000000070eb00000, 0x000000070ec00000, 0x000000070ec00000|100%| E|CS|TAMS 0x000000070eb00000, 0x000000070eb00000| Complete 
| 236|0x000000070ec00000, 0x000000070ed00000, 0x000000070ed00000|100%| E|CS|TAMS 0x000000070ec00000, 0x000000070ec00000| Complete 
| 237|0x000000070ed00000, 0x000000070ee00000, 0x000000070ee00000|100%| E|CS|TAMS 0x000000070ed00000, 0x000000070ed00000| Complete 
| 238|0x000000070ee00000, 0x000000070ef00000, 0x000000070ef00000|100%| E|CS|TAMS 0x000000070ee00000, 0x000000070ee00000| Complete 
| 239|0x000000070ef00000, 0x000000070f000000, 0x000000070f000000|100%| E|CS|TAMS 0x000000070ef00000, 0x000000070ef00000| Complete 
| 240|0x000000070f000000, 0x000000070f100000, 0x000000070f100000|100%| E|CS|TAMS 0x000000070f000000, 0x000000070f000000| Complete 
| 241|0x000000070f100000, 0x000000070f200000, 0x000000070f200000|100%| E|CS|TAMS 0x000000070f100000, 0x000000070f100000| Complete 
| 242|0x000000070f200000, 0x000000070f300000, 0x000000070f300000|100%| E|CS|TAMS 0x000000070f200000, 0x000000070f200000| Complete 
| 243|0x000000070f300000, 0x000000070f400000, 0x000000070f400000|100%| E|CS|TAMS 0x000000070f300000, 0x000000070f300000| Complete 
| 244|0x000000070f400000, 0x000000070f500000, 0x000000070f500000|100%| E|CS|TAMS 0x000000070f400000, 0x000000070f400000| Complete 
| 245|0x000000070f500000, 0x000000070f600000, 0x000000070f600000|100%| E|CS|TAMS 0x000000070f500000, 0x000000070f500000| Complete 
| 246|0x000000070f600000, 0x000000070f700000, 0x000000070f700000|100%| E|CS|TAMS 0x000000070f600000, 0x000000070f600000| Complete 
| 247|0x000000070f700000, 0x000000070f800000, 0x000000070f800000|100%| E|CS|TAMS 0x000000070f700000, 0x000000070f700000| Complete 
| 248|0x000000070f800000, 0x000000070f900000, 0x000000070f900000|100%| E|CS|TAMS 0x000000070f800000, 0x000000070f800000| Complete 
| 249|0x000000070f900000, 0x000000070fa00000, 0x000000070fa00000|100%| E|CS|TAMS 0x000000070f900000, 0x000000070f900000| Complete 
| 250|0x000000070fa00000, 0x000000070fb00000, 0x000000070fb00000|100%| E|CS|TAMS 0x000000070fa00000, 0x000000070fa00000| Complete 
| 251|0x000000070fb00000, 0x000000070fc00000, 0x000000070fc00000|100%| E|CS|TAMS 0x000000070fb00000, 0x000000070fb00000| Complete 
| 252|0x000000070fc00000, 0x000000070fd00000, 0x000000070fd00000|100%| E|CS|TAMS 0x000000070fc00000, 0x000000070fc00000| Complete 
| 253|0x000000070fd00000, 0x000000070fe00000, 0x000000070fe00000|100%| E|CS|TAMS 0x000000070fd00000, 0x000000070fd00000| Complete 
| 254|0x000000070fe00000, 0x000000070ff00000, 0x000000070ff00000|100%| E|CS|TAMS 0x000000070fe00000, 0x000000070fe00000| Complete 
| 255|0x000000070ff00000, 0x0000000710000000, 0x0000000710000000|100%| E|CS|TAMS 0x000000070ff00000, 0x000000070ff00000| Complete 
| 256|0x0000000710000000, 0x0000000710100000, 0x0000000710100000|100%| E|CS|TAMS 0x0000000710000000, 0x0000000710000000| Complete 
| 257|0x0000000710100000, 0x0000000710200000, 0x0000000710200000|100%| E|CS|TAMS 0x0000000710100000, 0x0000000710100000| Complete 
| 258|0x0000000710200000, 0x0000000710300000, 0x0000000710300000|100%| E|CS|TAMS 0x0000000710200000, 0x0000000710200000| Complete 
| 259|0x0000000710300000, 0x0000000710400000, 0x0000000710400000|100%| E|CS|TAMS 0x0000000710300000, 0x0000000710300000| Complete 
| 260|0x0000000710400000, 0x0000000710500000, 0x0000000710500000|100%| E|CS|TAMS 0x0000000710400000, 0x0000000710400000| Complete 
| 261|0x0000000710500000, 0x0000000710600000, 0x0000000710600000|100%| E|CS|TAMS 0x0000000710500000, 0x0000000710500000| Complete 
| 262|0x0000000710600000, 0x0000000710700000, 0x0000000710700000|100%| E|CS|TAMS 0x0000000710600000, 0x0000000710600000| Complete 
| 263|0x0000000710700000, 0x0000000710800000, 0x0000000710800000|100%| E|CS|TAMS 0x0000000710700000, 0x0000000710700000| Complete 
| 264|0x0000000710800000, 0x0000000710900000, 0x0000000710900000|100%| E|CS|TAMS 0x0000000710800000, 0x0000000710800000| Complete 
| 265|0x0000000710900000, 0x0000000710a00000, 0x0000000710a00000|100%| E|CS|TAMS 0x0000000710900000, 0x0000000710900000| Complete 
| 266|0x0000000710a00000, 0x0000000710b00000, 0x0000000710b00000|100%| E|CS|TAMS 0x0000000710a00000, 0x0000000710a00000| Complete 
| 267|0x0000000710b00000, 0x0000000710c00000, 0x0000000710c00000|100%| E|CS|TAMS 0x0000000710b00000, 0x0000000710b00000| Complete 
| 268|0x0000000710c00000, 0x0000000710d00000, 0x0000000710d00000|100%| E|CS|TAMS 0x0000000710c00000, 0x0000000710c00000| Complete 
| 269|0x0000000710d00000, 0x0000000710e00000, 0x0000000710e00000|100%| E|CS|TAMS 0x0000000710d00000, 0x0000000710d00000| Complete 
| 270|0x0000000710e00000, 0x0000000710f00000, 0x0000000710f00000|100%| E|CS|TAMS 0x0000000710e00000, 0x0000000710e00000| Complete 
| 271|0x0000000710f00000, 0x0000000711000000, 0x0000000711000000|100%| E|CS|TAMS 0x0000000710f00000, 0x0000000710f00000| Complete 
| 272|0x0000000711000000, 0x0000000711100000, 0x0000000711100000|100%| E|CS|TAMS 0x0000000711000000, 0x0000000711000000| Complete 
| 273|0x0000000711100000, 0x0000000711200000, 0x0000000711200000|100%| E|CS|TAMS 0x0000000711100000, 0x0000000711100000| Complete 
| 274|0x0000000711200000, 0x0000000711300000, 0x0000000711300000|100%| E|CS|TAMS 0x0000000711200000, 0x0000000711200000| Complete 
| 275|0x0000000711300000, 0x0000000711400000, 0x0000000711400000|100%| E|CS|TAMS 0x0000000711300000, 0x0000000711300000| Complete 
| 276|0x0000000711400000, 0x0000000711500000, 0x0000000711500000|100%| E|CS|TAMS 0x0000000711400000, 0x0000000711400000| Complete 
| 277|0x0000000711500000, 0x0000000711600000, 0x0000000711600000|100%| E|CS|TAMS 0x0000000711500000, 0x0000000711500000| Complete 
| 278|0x0000000711600000, 0x0000000711700000, 0x0000000711700000|100%| E|CS|TAMS 0x0000000711600000, 0x0000000711600000| Complete 
| 279|0x0000000711700000, 0x0000000711800000, 0x0000000711800000|100%| E|CS|TAMS 0x0000000711700000, 0x0000000711700000| Complete 
| 280|0x0000000711800000, 0x0000000711900000, 0x0000000711900000|100%| E|CS|TAMS 0x0000000711800000, 0x0000000711800000| Complete 
| 281|0x0000000711900000, 0x0000000711a00000, 0x0000000711a00000|100%| E|CS|TAMS 0x0000000711900000, 0x0000000711900000| Complete 
| 282|0x0000000711a00000, 0x0000000711b00000, 0x0000000711b00000|100%| E|CS|TAMS 0x0000000711a00000, 0x0000000711a00000| Complete 
| 283|0x0000000711b00000, 0x0000000711c00000, 0x0000000711c00000|100%| E|CS|TAMS 0x0000000711b00000, 0x0000000711b00000| Complete 
| 284|0x0000000711c00000, 0x0000000711d00000, 0x0000000711d00000|100%| E|CS|TAMS 0x0000000711c00000, 0x0000000711c00000| Complete 
| 285|0x0000000711d00000, 0x0000000711e00000, 0x0000000711e00000|100%| E|CS|TAMS 0x0000000711d00000, 0x0000000711d00000| Complete 
| 286|0x0000000711e00000, 0x0000000711f00000, 0x0000000711f00000|100%| E|CS|TAMS 0x0000000711e00000, 0x0000000711e00000| Complete 
| 287|0x0000000711f00000, 0x0000000712000000, 0x0000000712000000|100%| E|CS|TAMS 0x0000000711f00000, 0x0000000711f00000| Complete 
| 288|0x0000000712000000, 0x0000000712100000, 0x0000000712100000|100%| E|CS|TAMS 0x0000000712000000, 0x0000000712000000| Complete 
| 289|0x0000000712100000, 0x0000000712200000, 0x0000000712200000|100%| E|CS|TAMS 0x0000000712100000, 0x0000000712100000| Complete 
| 290|0x0000000712200000, 0x0000000712300000, 0x0000000712300000|100%| E|CS|TAMS 0x0000000712200000, 0x0000000712200000| Complete 
| 291|0x0000000712300000, 0x0000000712400000, 0x0000000712400000|100%| E|CS|TAMS 0x0000000712300000, 0x0000000712300000| Complete 
| 292|0x0000000712400000, 0x0000000712500000, 0x0000000712500000|100%| E|CS|TAMS 0x0000000712400000, 0x0000000712400000| Complete 
| 293|0x0000000712500000, 0x0000000712600000, 0x0000000712600000|100%| E|CS|TAMS 0x0000000712500000, 0x0000000712500000| Complete 
| 294|0x0000000712600000, 0x0000000712700000, 0x0000000712700000|100%| E|CS|TAMS 0x0000000712600000, 0x0000000712600000| Complete 
| 295|0x0000000712700000, 0x0000000712800000, 0x0000000712800000|100%| E|CS|TAMS 0x0000000712700000, 0x0000000712700000| Complete 
| 296|0x0000000712800000, 0x0000000712900000, 0x0000000712900000|100%| E|CS|TAMS 0x0000000712800000, 0x0000000712800000| Complete 
| 297|0x0000000712900000, 0x0000000712a00000, 0x0000000712a00000|100%| E|CS|TAMS 0x0000000712900000, 0x0000000712900000| Complete 
| 298|0x0000000712a00000, 0x0000000712b00000, 0x0000000712b00000|100%| E|CS|TAMS 0x0000000712a00000, 0x0000000712a00000| Complete 
| 299|0x0000000712b00000, 0x0000000712c00000, 0x0000000712c00000|100%| E|CS|TAMS 0x0000000712b00000, 0x0000000712b00000| Complete 
| 300|0x0000000712c00000, 0x0000000712d00000, 0x0000000712d00000|100%| E|CS|TAMS 0x0000000712c00000, 0x0000000712c00000| Complete 
| 301|0x0000000712d00000, 0x0000000712e00000, 0x0000000712e00000|100%| E|CS|TAMS 0x0000000712d00000, 0x0000000712d00000| Complete 
| 302|0x0000000712e00000, 0x0000000712f00000, 0x0000000712f00000|100%| E|CS|TAMS 0x0000000712e00000, 0x0000000712e00000| Complete 
| 303|0x0000000712f00000, 0x0000000713000000, 0x0000000713000000|100%| E|CS|TAMS 0x0000000712f00000, 0x0000000712f00000| Complete 
| 304|0x0000000713000000, 0x0000000713100000, 0x0000000713100000|100%| E|CS|TAMS 0x0000000713000000, 0x0000000713000000| Complete 
| 305|0x0000000713100000, 0x0000000713200000, 0x0000000713200000|100%| E|CS|TAMS 0x0000000713100000, 0x0000000713100000| Complete 
| 306|0x0000000713200000, 0x0000000713300000, 0x0000000713300000|100%| E|CS|TAMS 0x0000000713200000, 0x0000000713200000| Complete 
| 307|0x0000000713300000, 0x0000000713400000, 0x0000000713400000|100%| E|CS|TAMS 0x0000000713300000, 0x0000000713300000| Complete 
| 308|0x0000000713400000, 0x0000000713500000, 0x0000000713500000|100%| E|CS|TAMS 0x0000000713400000, 0x0000000713400000| Complete 
| 309|0x0000000713500000, 0x0000000713600000, 0x0000000713600000|100%| E|CS|TAMS 0x0000000713500000, 0x0000000713500000| Complete 
| 310|0x0000000713600000, 0x0000000713700000, 0x0000000713700000|100%| E|CS|TAMS 0x0000000713600000, 0x0000000713600000| Complete 
| 311|0x0000000713700000, 0x0000000713800000, 0x0000000713800000|100%| E|CS|TAMS 0x0000000713700000, 0x0000000713700000| Complete 
| 312|0x0000000713800000, 0x0000000713900000, 0x0000000713900000|100%| E|CS|TAMS 0x0000000713800000, 0x0000000713800000| Complete 
| 313|0x0000000713900000, 0x0000000713a00000, 0x0000000713a00000|100%| E|CS|TAMS 0x0000000713900000, 0x0000000713900000| Complete 
| 314|0x0000000713a00000, 0x0000000713b00000, 0x0000000713b00000|100%| E|CS|TAMS 0x0000000713a00000, 0x0000000713a00000| Complete 
| 315|0x0000000713b00000, 0x0000000713c00000, 0x0000000713c00000|100%| E|CS|TAMS 0x0000000713b00000, 0x0000000713b00000| Complete 
| 316|0x0000000713c00000, 0x0000000713d00000, 0x0000000713d00000|100%| E|CS|TAMS 0x0000000713c00000, 0x0000000713c00000| Complete 
| 317|0x0000000713d00000, 0x0000000713e00000, 0x0000000713e00000|100%| E|CS|TAMS 0x0000000713d00000, 0x0000000713d00000| Complete 
| 318|0x0000000713e00000, 0x0000000713f00000, 0x0000000713f00000|100%| E|CS|TAMS 0x0000000713e00000, 0x0000000713e00000| Complete 
| 319|0x0000000713f00000, 0x0000000714000000, 0x0000000714000000|100%| E|CS|TAMS 0x0000000713f00000, 0x0000000713f00000| Complete 
| 320|0x0000000714000000, 0x0000000714100000, 0x0000000714100000|100%| E|CS|TAMS 0x0000000714000000, 0x0000000714000000| Complete 
| 321|0x0000000714100000, 0x0000000714200000, 0x0000000714200000|100%| E|CS|TAMS 0x0000000714100000, 0x0000000714100000| Complete 
| 322|0x0000000714200000, 0x0000000714300000, 0x0000000714300000|100%| E|CS|TAMS 0x0000000714200000, 0x0000000714200000| Complete 
| 323|0x0000000714300000, 0x0000000714400000, 0x0000000714400000|100%| E|CS|TAMS 0x0000000714300000, 0x0000000714300000| Complete 
| 324|0x0000000714400000, 0x0000000714500000, 0x0000000714500000|100%| E|CS|TAMS 0x0000000714400000, 0x0000000714400000| Complete 
| 325|0x0000000714500000, 0x0000000714600000, 0x0000000714600000|100%| E|CS|TAMS 0x0000000714500000, 0x0000000714500000| Complete 
| 326|0x0000000714600000, 0x0000000714700000, 0x0000000714700000|100%| E|CS|TAMS 0x0000000714600000, 0x0000000714600000| Complete 
| 327|0x0000000714700000, 0x0000000714800000, 0x0000000714800000|100%| E|CS|TAMS 0x0000000714700000, 0x0000000714700000| Complete 
| 328|0x0000000714800000, 0x0000000714900000, 0x0000000714900000|100%| E|CS|TAMS 0x0000000714800000, 0x0000000714800000| Complete 
| 329|0x0000000714900000, 0x0000000714a00000, 0x0000000714a00000|100%| E|CS|TAMS 0x0000000714900000, 0x0000000714900000| Complete 
| 330|0x0000000714a00000, 0x0000000714b00000, 0x0000000714b00000|100%| E|CS|TAMS 0x0000000714a00000, 0x0000000714a00000| Complete 
| 331|0x0000000714b00000, 0x0000000714c00000, 0x0000000714c00000|100%| E|CS|TAMS 0x0000000714b00000, 0x0000000714b00000| Complete 
| 332|0x0000000714c00000, 0x0000000714d00000, 0x0000000714d00000|100%| E|CS|TAMS 0x0000000714c00000, 0x0000000714c00000| Complete 
| 333|0x0000000714d00000, 0x0000000714e00000, 0x0000000714e00000|100%| E|CS|TAMS 0x0000000714d00000, 0x0000000714d00000| Complete 
| 334|0x0000000714e00000, 0x0000000714f00000, 0x0000000714f00000|100%| E|CS|TAMS 0x0000000714e00000, 0x0000000714e00000| Complete 
| 335|0x0000000714f00000, 0x0000000715000000, 0x0000000715000000|100%| E|CS|TAMS 0x0000000714f00000, 0x0000000714f00000| Complete 
| 336|0x0000000715000000, 0x0000000715100000, 0x0000000715100000|100%| E|CS|TAMS 0x0000000715000000, 0x0000000715000000| Complete 
| 337|0x0000000715100000, 0x0000000715200000, 0x0000000715200000|100%| E|CS|TAMS 0x0000000715100000, 0x0000000715100000| Complete 
| 338|0x0000000715200000, 0x0000000715300000, 0x0000000715300000|100%| E|CS|TAMS 0x0000000715200000, 0x0000000715200000| Complete 
| 339|0x0000000715300000, 0x0000000715400000, 0x0000000715400000|100%| E|CS|TAMS 0x0000000715300000, 0x0000000715300000| Complete 
| 340|0x0000000715400000, 0x0000000715500000, 0x0000000715500000|100%| E|CS|TAMS 0x0000000715400000, 0x0000000715400000| Complete 
| 341|0x0000000715500000, 0x0000000715600000, 0x0000000715600000|100%| E|CS|TAMS 0x0000000715500000, 0x0000000715500000| Complete 
| 342|0x0000000715600000, 0x0000000715700000, 0x0000000715700000|100%| E|CS|TAMS 0x0000000715600000, 0x0000000715600000| Complete 
| 343|0x0000000715700000, 0x0000000715800000, 0x0000000715800000|100%| E|CS|TAMS 0x0000000715700000, 0x0000000715700000| Complete 
| 344|0x0000000715800000, 0x0000000715900000, 0x0000000715900000|100%| E|CS|TAMS 0x0000000715800000, 0x0000000715800000| Complete 
| 345|0x0000000715900000, 0x0000000715a00000, 0x0000000715a00000|100%| E|CS|TAMS 0x0000000715900000, 0x0000000715900000| Complete 
| 346|0x0000000715a00000, 0x0000000715b00000, 0x0000000715b00000|100%| E|CS|TAMS 0x0000000715a00000, 0x0000000715a00000| Complete 
| 347|0x0000000715b00000, 0x0000000715c00000, 0x0000000715c00000|100%| E|CS|TAMS 0x0000000715b00000, 0x0000000715b00000| Complete 
| 348|0x0000000715c00000, 0x0000000715d00000, 0x0000000715d00000|100%| E|CS|TAMS 0x0000000715c00000, 0x0000000715c00000| Complete 
| 349|0x0000000715d00000, 0x0000000715e00000, 0x0000000715e00000|100%| E|CS|TAMS 0x0000000715d00000, 0x0000000715d00000| Complete 
| 350|0x0000000715e00000, 0x0000000715f00000, 0x0000000715f00000|100%| E|CS|TAMS 0x0000000715e00000, 0x0000000715e00000| Complete 
| 351|0x0000000715f00000, 0x0000000716000000, 0x0000000716000000|100%| E|CS|TAMS 0x0000000715f00000, 0x0000000715f00000| Complete 
| 352|0x0000000716000000, 0x0000000716100000, 0x0000000716100000|100%| E|CS|TAMS 0x0000000716000000, 0x0000000716000000| Complete 
| 353|0x0000000716100000, 0x0000000716200000, 0x0000000716200000|100%| E|CS|TAMS 0x0000000716100000, 0x0000000716100000| Complete 
| 354|0x0000000716200000, 0x0000000716300000, 0x0000000716300000|100%| E|CS|TAMS 0x0000000716200000, 0x0000000716200000| Complete 
| 355|0x0000000716300000, 0x0000000716400000, 0x0000000716400000|100%| E|CS|TAMS 0x0000000716300000, 0x0000000716300000| Complete 
| 356|0x0000000716400000, 0x0000000716500000, 0x0000000716500000|100%| E|CS|TAMS 0x0000000716400000, 0x0000000716400000| Complete 

Card table byte_map: [0x00000143983c0000,0x0000014398bc0000] _byte_map_base: 0x0000014394bc0000

Marking Bits (Prev, Next): (CMBitMap*) 0x000001438515e7a0, (CMBitMap*) 0x000001438515e768
 Prev Bits: [0x000001439d3c0000, 0x00000143a13c0000)
 Next Bits: [0x00000143993c0000, 0x000001439d3c0000)

Polling page: 0x00000143848a0000

Metaspace:

Usage:
  Non-class:     46.02 MB capacity,    45.34 MB ( 99%) used,   571.88 KB (  1%) free+waste,   130.38 KB ( <1%) overhead. 
      Class:      6.92 MB capacity,     6.39 MB ( 92%) used,   477.13 KB (  7%) free+waste,    64.13 KB ( <1%) overhead. 
       Both:     52.94 MB capacity,    51.73 MB ( 98%) used,     1.02 MB (  2%) free+waste,   194.50 KB ( <1%) overhead. 

Virtual space:
  Non-class space:       48.00 MB reserved,      46.20 MB ( 96%) committed 
      Class space:        1.00 GB reserved,       7.00 MB ( <1%) committed 
             Both:        1.05 GB reserved,      53.20 MB (  5%) committed 

Chunk freelists:
   Non-Class:  52.00 KB
       Class:  20.00 KB
        Both:  72.00 KB

MaxMetaspaceSize: 17179869184.00 GB
CompressedClassSpaceSize: 1.00 GB

CodeHeap 'non-profiled nmethods': size=120064Kb used=3419Kb max_used=3419Kb free=116644Kb
 bounds [0x0000014390680000, 0x00000143909e0000, 0x0000014397bc0000]
CodeHeap 'profiled nmethods': size=120000Kb used=11314Kb max_used=11314Kb free=108685Kb
 bounds [0x0000014389150000, 0x0000014389c60000, 0x0000014390680000]
CodeHeap 'non-nmethods': size=5696Kb used=2251Kb max_used=2279Kb free=3444Kb
 bounds [0x0000014388bc0000, 0x0000014388e30000, 0x0000014389150000]
 total_blobs=5747 nmethods=4920 adapters=738
 compilation: enabled
              stopped_count=0, restarted_count=0
 full_count=0

Compilation events (20 events):
Event: 44.012 Thread 0x00000143a4162000 nmethod 4939 0x00000143909d5810 code [0x00000143909d59e0, 0x00000143909d5c88]
Event: 44.018 Thread 0x00000143a4187000 4940       3       java.lang.reflect.ProxyGenerator::codeLocalLoadStore (90 bytes)
Event: 44.021 Thread 0x00000143a4187000 nmethod 4940 0x0000014389c3ee10 code [0x0000014389c3f0c0, 0x0000014389c3ff08]
Event: 44.363 Thread 0x00000143a4187000 4941       3       java.util.HashMap$ValueSpliterator::characteristics (28 bytes)
Event: 44.376 Thread 0x00000143a4187000 nmethod 4941 0x0000014389c40390 code [0x0000014389c40540, 0x0000014389c406f8]
Event: 44.376 Thread 0x00000143a4187000 4942       3       java.util.concurrent.ThreadPoolExecutor::runStateAtLeast (11 bytes)
Event: 44.376 Thread 0x00000143a4187000 nmethod 4942 0x0000014389c40790 code [0x0000014389c40940, 0x0000014389c40a78]
Event: 44.379 Thread 0x00000143a4162000 4943   !   4       java.lang.invoke.MemberName::getMethodType (203 bytes)
Event: 44.385 Thread 0x00000143a4162000 nmethod 4943 0x00000143909d5e90 code [0x00000143909d6080, 0x00000143909d6708]
Event: 44.587 Thread 0x00000143a4162000 4944       4       java.lang.Class::getClassLoader (28 bytes)
Event: 44.587 Thread 0x00000143a4162000 nmethod 4944 0x00000143909d6a90 code [0x00000143909d6c20, 0x00000143909d6cb8]
Event: 45.075 Thread 0x00000143a4162000 4945       4       jdk.internal.loader.URLClassPath$JarLoader$2::getCodeSigners (8 bytes)
Event: 45.145 Thread 0x00000143a4187000 4947   !   3       org.jetbrains.kotlin.com.intellij.util.containers.ConcurrentIntObjectHashMap::setTabAt (32 bytes)
Event: 45.146 Thread 0x00000143a4187000 nmethod 4947 0x0000014389c40b10 code [0x0000014389c40d40, 0x0000014389c41738]
Event: 45.146 Thread 0x00000143a4187000 4948       3       java.lang.invoke.LambdaForm$MH/0x000000080062c840::invokeExact_MT (27 bytes)
Event: 45.146 Thread 0x00000143a4187000 nmethod 4948 0x0000014389c41a10 code [0x0000014389c41c20, 0x0000014389c423b8]
Event: 45.146 Thread 0x00000143a4187000 4949       3       java.lang.invoke.LambdaForm$DMH/0x0000000800628c40::invokeSpecial (20 bytes)
Event: 45.146 Thread 0x00000143a4187000 nmethod 4949 0x0000014389c42610 code [0x0000014389c427e0, 0x0000014389c42d18]
Event: 45.146 Thread 0x00000143a4187000 4950       3       sun.misc.Unsafe::putObjectVolatile (11 bytes)
Event: 45.147 Thread 0x00000143a4187000 nmethod 4950 0x0000014389c42e90 code [0x0000014389c43040, 0x0000014389c43198]

GC Heap History (20 events):
Event: 33.942 GC heap before
{Heap before GC invocations=97 (full 0):
 garbage-first heap   total 121856K, used 104471K [0x0000000700000000, 0x0000000800000000)
  region size 1024K, 68 young (69632K), 2 survivors (2048K)
 Metaspace       used 45254K, capacity 46348K, committed 46540K, reserved 1089536K
  class space    used 5632K, capacity 6100K, committed 6144K, reserved 1048576K
}
Event: 33.946 GC heap after
{Heap after GC invocations=98 (full 0):
 garbage-first heap   total 121856K, used 37056K [0x0000000700000000, 0x0000000800000000)
  region size 1024K, 2 young (2048K), 2 survivors (2048K)
 Metaspace       used 45254K, capacity 46348K, committed 46540K, reserved 1089536K
  class space    used 5632K, capacity 6100K, committed 6144K, reserved 1048576K
}
Event: 34.219 GC heap before
{Heap before GC invocations=98 (full 0):
 garbage-first heap   total 121856K, used 103616K [0x0000000700000000, 0x0000000800000000)
  region size 1024K, 67 young (68608K), 2 survivors (2048K)
 Metaspace       used 45254K, capacity 46348K, committed 46540K, reserved 1089536K
  class space    used 5632K, capacity 6100K, committed 6144K, reserved 1048576K
}
Event: 34.224 GC heap after
{Heap after GC invocations=99 (full 0):
 garbage-first heap   total 146432K, used 37099K [0x0000000700000000, 0x0000000800000000)
  region size 1024K, 2 young (2048K), 2 survivors (2048K)
 Metaspace       used 45254K, capacity 46348K, committed 46540K, reserved 1089536K
  class space    used 5632K, capacity 6100K, committed 6144K, reserved 1048576K
}
Event: 34.570 GC heap before
{Heap before GC invocations=99 (full 0):
 garbage-first heap   total 146432K, used 110827K [0x0000000700000000, 0x0000000800000000)
  region size 1024K, 74 young (75776K), 2 survivors (2048K)
 Metaspace       used 45254K, capacity 46348K, committed 46540K, reserved 1089536K
  class space    used 5632K, capacity 6100K, committed 6144K, reserved 1048576K
}
Event: 34.587 GC heap after
{Heap after GC invocations=100 (full 0):
 garbage-first heap   total 146432K, used 37246K [0x0000000700000000, 0x0000000800000000)
  region size 1024K, 2 young (2048K), 2 survivors (2048K)
 Metaspace       used 45254K, capacity 46348K, committed 46540K, reserved 1089536K
  class space    used 5632K, capacity 6100K, committed 6144K, reserved 1048576K
}
Event: 34.942 GC heap before
{Heap before GC invocations=100 (full 0):
 garbage-first heap   total 146432K, used 114046K [0x0000000700000000, 0x0000000800000000)
  region size 1024K, 77 young (78848K), 2 survivors (2048K)
 Metaspace       used 45254K, capacity 46348K, committed 46540K, reserved 1089536K
  class space    used 5632K, capacity 6100K, committed 6144K, reserved 1048576K
}
Event: 35.072 GC heap after
{Heap after GC invocations=101 (full 0):
 garbage-first heap   total 146432K, used 37264K [0x0000000700000000, 0x0000000800000000)
  region size 1024K, 2 young (2048K), 2 survivors (2048K)
 Metaspace       used 45254K, capacity 46348K, committed 46540K, reserved 1089536K
  class space    used 5632K, capacity 6100K, committed 6144K, reserved 1048576K
}
Event: 35.420 GC heap before
{Heap before GC invocations=101 (full 0):
 garbage-first heap   total 146432K, used 116112K [0x0000000700000000, 0x0000000800000000)
  region size 1024K, 79 young (80896K), 2 survivors (2048K)
 Metaspace       used 45259K, capacity 46416K, committed 46540K, reserved 1089536K
  class space    used 5632K, capacity 6100K, committed 6144K, reserved 1048576K
}
Event: 35.463 GC heap after
{Heap after GC invocations=102 (full 0):
 garbage-first heap   total 146432K, used 37471K [0x0000000700000000, 0x0000000800000000)
  region size 1024K, 2 young (2048K), 2 survivors (2048K)
 Metaspace       used 45259K, capacity 46416K, committed 46540K, reserved 1089536K
  class space    used 5632K, capacity 6100K, committed 6144K, reserved 1048576K
}
Event: 36.065 GC heap before
{Heap before GC invocations=102 (full 0):
 garbage-first heap   total 146432K, used 120415K [0x0000000700000000, 0x0000000800000000)
  region size 1024K, 83 young (84992K), 2 survivors (2048K)
 Metaspace       used 45260K, capacity 46416K, committed 46540K, reserved 1089536K
  class space    used 5632K, capacity 6100K, committed 6144K, reserved 1048576K
}
Event: 36.161 GC heap after
{Heap after GC invocations=103 (full 0):
 garbage-first heap   total 365568K, used 37564K [0x0000000700000000, 0x0000000800000000)
  region size 1024K, 2 young (2048K), 2 survivors (2048K)
 Metaspace       used 45260K, capacity 46416K, committed 46540K, reserved 1089536K
  class space    used 5632K, capacity 6100K, committed 6144K, reserved 1048576K
}
Event: 36.946 GC heap before
{Heap before GC invocations=103 (full 0):
 garbage-first heap   total 365568K, used 140988K [0x0000000700000000, 0x0000000800000000)
  region size 1024K, 103 young (105472K), 2 survivors (2048K)
 Metaspace       used 45260K, capacity 46416K, committed 46540K, reserved 1089536K
  class space    used 5632K, capacity 6100K, committed 6144K, reserved 1048576K
}
Event: 36.979 GC heap after
{Heap after GC invocations=104 (full 0):
 garbage-first heap   total 365568K, used 37689K [0x0000000700000000, 0x0000000800000000)
  region size 1024K, 2 young (2048K), 2 survivors (2048K)
 Metaspace       used 45260K, capacity 46416K, committed 46540K, reserved 1089536K
  class space    used 5632K, capacity 6100K, committed 6144K, reserved 1048576K
}
Event: 37.850 GC heap before
{Heap before GC invocations=104 (full 0):
 garbage-first heap   total 365568K, used 254777K [0x0000000700000000, 0x0000000800000000)
  region size 1024K, 214 young (219136K), 2 survivors (2048K)
 Metaspace       used 45260K, capacity 46416K, committed 46540K, reserved 1089536K
  class space    used 5632K, capacity 6100K, committed 6144K, reserved 1048576K
}
Event: 37.852 GC heap after
{Heap after GC invocations=105 (full 0):
 garbage-first heap   total 365568K, used 37988K [0x0000000700000000, 0x0000000800000000)
  region size 1024K, 2 young (2048K), 2 survivors (2048K)
 Metaspace       used 45260K, capacity 46416K, committed 46540K, reserved 1089536K
  class space    used 5632K, capacity 6100K, committed 6144K, reserved 1048576K
}
Event: 38.445 GC heap before
{Heap before GC invocations=105 (full 0):
 garbage-first heap   total 365568K, used 255076K [0x0000000700000000, 0x0000000800000000)
  region size 1024K, 214 young (219136K), 2 survivors (2048K)
 Metaspace       used 45262K, capacity 46416K, committed 46540K, reserved 1089536K
  class space    used 5632K, capacity 6100K, committed 6144K, reserved 1048576K
}
Event: 38.448 GC heap after
{Heap after GC invocations=106 (full 0):
 garbage-first heap   total 365568K, used 38203K [0x0000000700000000, 0x0000000800000000)
  region size 1024K, 2 young (2048K), 2 survivors (2048K)
 Metaspace       used 45262K, capacity 46416K, committed 46540K, reserved 1089536K
  class space    used 5632K, capacity 6100K, committed 6144K, reserved 1048576K
}
Event: 39.057 GC heap before
{Heap before GC invocations=106 (full 0):
 garbage-first heap   total 365568K, used 255291K [0x0000000700000000, 0x0000000800000000)
  region size 1024K, 214 young (219136K), 2 survivors (2048K)
 Metaspace       used 45262K, capacity 46416K, committed 46540K, reserved 1089536K
  class space    used 5632K, capacity 6100K, committed 6144K, reserved 1048576K
}
Event: 39.061 GC heap after
{Heap after GC invocations=107 (full 0):
 garbage-first heap   total 365568K, used 38552K [0x0000000700000000, 0x0000000800000000)
  region size 1024K, 2 young (2048K), 2 survivors (2048K)
 Metaspace       used 45262K, capacity 46416K, committed 46540K, reserved 1089536K
  class space    used 5632K, capacity 6100K, committed 6144K, reserved 1048576K
}

Deoptimization events (20 events):
Event: 42.619 Thread 0x00000143a42f5000 DEOPT PACKING pc=0x0000014389c25550 sp=0x000000142d1f57e0
Event: 42.619 Thread 0x00000143a42f5000 DEOPT UNPACKING pc=0x0000014388be705e sp=0x000000142d1f4c88 mode 0
Event: 42.619 Thread 0x00000143a42f5000 DEOPT PACKING pc=0x0000014389c25550 sp=0x000000142d1f57e0
Event: 42.619 Thread 0x00000143a42f5000 DEOPT UNPACKING pc=0x0000014388be705e sp=0x000000142d1f4c88 mode 0
Event: 42.619 Thread 0x00000143a42f5000 DEOPT PACKING pc=0x0000014389c25550 sp=0x000000142d1f57e0
Event: 42.619 Thread 0x00000143a42f5000 DEOPT UNPACKING pc=0x0000014388be705e sp=0x000000142d1f4c88 mode 0
Event: 42.620 Thread 0x00000143a42f5000 DEOPT PACKING pc=0x0000014389c25550 sp=0x000000142d1f57e0
Event: 42.620 Thread 0x00000143a42f5000 DEOPT UNPACKING pc=0x0000014388be705e sp=0x000000142d1f4c88 mode 0
Event: 42.620 Thread 0x00000143a42f5000 DEOPT PACKING pc=0x0000014389c25550 sp=0x000000142d1f57e0
Event: 42.620 Thread 0x00000143a42f5000 DEOPT UNPACKING pc=0x0000014388be705e sp=0x000000142d1f4c88 mode 0
Event: 42.620 Thread 0x00000143a42f5000 DEOPT PACKING pc=0x0000014389c25550 sp=0x000000142d1f57e0
Event: 42.620 Thread 0x00000143a42f5000 DEOPT UNPACKING pc=0x0000014388be705e sp=0x000000142d1f4c88 mode 0
Event: 42.785 Thread 0x00000143a42f5000 Uncommon trap: trap_request=0xffffffde fr.pc=0x000001439075fdf0 relative=0x00000000000012d0
Event: 42.786 Thread 0x00000143a42f5000 Uncommon trap: reason=class_check action=maybe_recompile pc=0x000001439075fdf0 method=java.util.zip.InflaterInputStream.read([BII)I @ 100 c2
Event: 42.786 Thread 0x00000143a42f5000 DEOPT PACKING pc=0x000001439075fdf0 sp=0x000000142d1f5820
Event: 42.786 Thread 0x00000143a42f5000 DEOPT UNPACKING pc=0x0000014388be68af sp=0x000000142d1f5880 mode 2
Event: 43.001 Thread 0x00000143a42f5000 DEOPT PACKING pc=0x00000143893d5067 sp=0x000000142d1f50e0
Event: 43.001 Thread 0x00000143a42f5000 DEOPT UNPACKING pc=0x0000014388be705e sp=0x000000142d1f4668 mode 0
Event: 43.031 Thread 0x00000143a42f5000 DEOPT PACKING pc=0x0000014389c3cd9b sp=0x000000142d1f55d0
Event: 43.031 Thread 0x00000143a42f5000 DEOPT UNPACKING pc=0x0000014388be705e sp=0x000000142d1f4a40 mode 0

Classes redefined (0 events):
No events

Internal exceptions (20 events):
Event: 41.130 Thread 0x00000143a42f5000 Exception <a 'java/lang/NoSuchMethodError'{0x0000000712416e30}: 'int java.lang.invoke.DelegatingMethodHandle$Holder.reinvoke_L(java.lang.Object, java.lang.Object, java.lang.Object, long, java.lang.Object, java.lang.Object)'> (0x0000000712416e30) thrown at [./src/hotspot/share/interpreter/linkResolver.cpp, line 773]
Event: 41.135 Thread 0x00000143a42f5000 Exception <a 'java/lang/NoSuchMethodError'{0x0000000712425540}: 'void java.lang.invoke.DelegatingMethodHandle$Holder.reinvoke_L(java.lang.Object, java.lang.Object, java.lang.Object, long, java.lang.Object)'> (0x0000000712425540) thrown at [./src/hotspot/share/interpreter/linkResolver.cpp, line 773]
Event: 41.138 Thread 0x00000143a42f5000 Exception <a 'java/lang/NoSuchMethodError'{0x000000071242cfa0}: 'java.lang.Object java.lang.invoke.DirectMethodHandle$Holder.invokeSpecial(java.lang.Object, java.lang.Object, java.lang.Object, java.lang.Object, long)'> (0x000000071242cfa0) thrown at [./src/hotspot/share/interpreter/linkResolver.cpp, line 773]
Event: 41.139 Thread 0x00000143a42f5000 Exception <a 'java/lang/NoSuchMethodError'{0x0000000712431a38}: 'java.lang.Object java.lang.invoke.DelegatingMethodHandle$Holder.reinvoke_L(java.lang.Object, java.lang.Object, java.lang.Object, long)'> (0x0000000712431a38) thrown at [./src/hotspot/share/interpreter/linkResolver.cpp, line 773]
Event: 41.232 Thread 0x00000143a42f5000 Exception <a 'java/lang/NoSuchMethodError'{0x0000000712472aa8}: 'long java.lang.invoke.Invokers$Holder.invoke_MT(java.lang.Object, java.lang.Object, java.lang.Object, java.lang.Object)'> (0x0000000712472aa8) thrown at [./src/hotspot/share/interpreter/linkResolver.cpp, line 773]
Event: 41.312 Thread 0x00000143a42f5000 Exception <a 'java/lang/NoSuchMethodError'{0x0000000712477328}: 'long java.lang.invoke.DelegatingMethodHandle$Holder.reinvoke_L(java.lang.Object, java.lang.Object, java.lang.Object)'> (0x0000000712477328) thrown at [./src/hotspot/share/interpreter/linkResolver.cpp, line 773]
Event: 41.317 Thread 0x00000143a42f5000 Exception <a 'java/lang/NoSuchMethodError'{0x000000071248abc8}: 'int java.lang.invoke.DelegatingMethodHandle$Holder.reinvoke_L(java.lang.Object, java.lang.Object, java.lang.Object, long, int)'> (0x000000071248abc8) thrown at [./src/hotspot/share/interpreter/linkResolver.cpp, line 773]
Event: 41.728 Thread 0x00000143a42f5000 Exception <a 'java/lang/NoSuchMethodError'{0x0000000711b78f30}: 'java.lang.Object java.lang.invoke.DirectMethodHandle$Holder.invokeStaticInit(java.lang.Object, int)'> (0x0000000711b78f30) thrown at [./src/hotspot/share/interpreter/linkResolver.cpp, line 773]
Event: 41.799 Thread 0x00000143a42f5000 Exception <a 'java/lang/NoSuchMethodError'{0x00000007116721c8}: 'long java.lang.invoke.DirectMethodHandle$Holder.invokeStatic(java.lang.Object)'> (0x00000007116721c8) thrown at [./src/hotspot/share/interpreter/linkResolver.cpp, line 773]
Event: 41.799 Thread 0x00000143a42f5000 Exception <a 'java/lang/NoSuchMethodError'{0x0000000711676560}: 'long java.lang.invoke.DirectMethodHandle$Holder.invokeStaticInit(java.lang.Object)'> (0x0000000711676560) thrown at [./src/hotspot/share/interpreter/linkResolver.cpp, line 773]
Event: 41.803 Thread 0x00000143a42f5000 Implicit null exception at 0x0000014390872675 to 0x0000014390872d10
Event: 42.849 Thread 0x00000143a42f5000 Exception <a 'java/lang/NoSuchMethodError'{0x000000070fa45380}: 'java.lang.Object java.lang.invoke.DirectMethodHandle$Holder.invokeSpecial(java.lang.Object, java.lang.Object, int, int, java.lang.Object, java.lang.Object, java.lang.Object)'> (0x000000070fa45380) thrown at [./src/hotspot/share/interpreter/linkResolver.cpp, line 773]
Event: 42.850 Thread 0x00000143a42f5000 Exception <a 'java/lang/NoSuchMethodError'{0x000000070fa4a0f8}: 'java.lang.Object java.lang.invoke.DelegatingMethodHandle$Holder.reinvoke_L(java.lang.Object, int, int, java.lang.Object, java.lang.Object, java.lang.Object)'> (0x000000070fa4a0f8) thrown at [./src/hotspot/share/interpreter/linkResolver.cpp, line 773]
Event: 42.856 Thread 0x00000143a42f5000 Exception <a 'java/lang/NoSuchMethodError'{0x000000070fa4f8b8}: 'java.lang.Object java.lang.invoke.DirectMethodHandle$Holder.invokeStatic(java.lang.Object, java.lang.Object, java.lang.Object, java.lang.Object, int)'> (0x000000070fa4f8b8) thrown at [./src/hotspot/share/interpreter/linkResolver.cpp, line 773]
Event: 43.079 Thread 0x00000143a42f5000 Exception <a 'sun/nio/fs/WindowsException'{0x000000070f8edb68}> (0x000000070f8edb68) thrown at [./src/hotspot/share/prims/jni.cpp, line 615]
Event: 43.090 Thread 0x00000143a42f5000 Exception <a 'sun/nio/fs/WindowsException'{0x000000070f8ef920}> (0x000000070f8ef920) thrown at [./src/hotspot/share/prims/jni.cpp, line 615]
Event: 43.092 Thread 0x00000143a42f5000 Exception <a 'sun/nio/fs/WindowsException'{0x000000070f8f16f8}> (0x000000070f8f16f8) thrown at [./src/hotspot/share/prims/jni.cpp, line 615]
Event: 43.094 Thread 0x00000143a42f5000 Exception <a 'sun/nio/fs/WindowsException'{0x000000070f8f3630}> (0x000000070f8f3630) thrown at [./src/hotspot/share/prims/jni.cpp, line 615]
Event: 43.095 Thread 0x00000143a42f5000 Exception <a 'sun/nio/fs/WindowsException'{0x000000070f8f5478}> (0x000000070f8f5478) thrown at [./src/hotspot/share/prims/jni.cpp, line 615]
Event: 43.095 Thread 0x00000143a42f5000 Exception <a 'sun/nio/fs/WindowsException'{0x000000070f8f72f0}> (0x000000070f8f72f0) thrown at [./src/hotspot/share/prims/jni.cpp, line 615]

Events (20 events):
Event: 44.995 loading class org/jetbrains/kotlin/com/intellij/psi/impl/PsiToDocumentSynchronizer
Event: 44.995 loading class org/jetbrains/kotlin/com/intellij/psi/impl/PsiToDocumentSynchronizer done
Event: 45.005 loading class org/jetbrains/kotlin/com/intellij/psi/PsiFileFactory
Event: 45.005 loading class org/jetbrains/kotlin/com/intellij/psi/PsiFileFactory done
Event: 45.009 loading class org/jetbrains/kotlin/com/intellij/psi/impl/PsiFileFactoryImpl
Event: 45.009 loading class org/jetbrains/kotlin/com/intellij/psi/impl/PsiFileFactoryImpl done
Event: 45.072 loading class org/jetbrains/kotlin/com/intellij/psi/impl/source/tree/TreeElementVisitor
Event: 45.072 loading class org/jetbrains/kotlin/com/intellij/psi/impl/source/tree/TreeElementVisitor done
Event: 45.075 loading class org/jetbrains/kotlin/com/intellij/psi/impl/GeneratedMarkerVisitor
Event: 45.075 loading class org/jetbrains/kotlin/com/intellij/psi/impl/GeneratedMarkerVisitor done
Event: 45.077 loading class org/jetbrains/kotlin/com/intellij/psi/impl/source/tree/RecursiveTreeElementWalkingVisitor
Event: 45.077 loading class org/jetbrains/kotlin/com/intellij/psi/impl/source/tree/RecursiveTreeElementWalkingVisitor done
Event: 45.147 loading class org/jetbrains/kotlin/com/intellij/psi/util/CachedValuesManager
Event: 45.147 loading class org/jetbrains/kotlin/com/intellij/psi/util/CachedValuesManager done
Event: 45.216 loading class org/jetbrains/kotlin/com/intellij/util/CachedValuesManagerImpl
Event: 45.216 loading class org/jetbrains/kotlin/com/intellij/util/CachedValuesManagerImpl done
Event: 45.220 loading class org/jetbrains/kotlin/com/intellij/psi/util/CachedValueProvider
Event: 45.220 loading class org/jetbrains/kotlin/com/intellij/psi/util/CachedValueProvider done
Event: 45.223 loading class org/jetbrains/kotlin/com/intellij/psi/impl/PsiCachedValuesFactory
Event: 45.223 loading class org/jetbrains/kotlin/com/intellij/psi/impl/PsiCachedValuesFactory done


Dynamic libraries:
0x00007ff780a10000 - 0x00007ff780a1a000 	C:\Program Files\Android\Android Studio\jre\bin\java.exe
0x00007ffaf2970000 - 0x00007ffaf2b86000 	C:\Windows\SYSTEM32\ntdll.dll
0x00007ffaf1580000 - 0x00007ffaf1644000 	C:\Windows\System32\KERNEL32.DLL
0x00007ffaefc90000 - 0x00007ffaf0037000 	C:\Windows\System32\KERNELBASE.dll
0x00007ffaf0510000 - 0x00007ffaf0621000 	C:\Windows\System32\ucrtbase.dll
0x00007ffaec900000 - 0x00007ffaec919000 	C:\Program Files\Android\Android Studio\jre\bin\jli.dll
0x00007ffaf0a20000 - 0x00007ffaf0bce000 	C:\Windows\System32\USER32.dll
0x00007ffaf00f0000 - 0x00007ffaf0116000 	C:\Windows\System32\win32u.dll
0x00007ffaf0890000 - 0x00007ffaf08b9000 	C:\Windows\System32\GDI32.dll
0x00007ffaf0330000 - 0x00007ffaf0449000 	C:\Windows\System32\gdi32full.dll
0x00007ffaf0290000 - 0x00007ffaf032a000 	C:\Windows\System32\msvcp_win.dll
0x00007ffaec5a0000 - 0x00007ffaec5b7000 	C:\Program Files\Android\Android Studio\jre\bin\VCRUNTIME140.dll
0x00007ffae1b30000 - 0x00007ffae1dc3000 	C:\Windows\WinSxS\amd64_microsoft.windows.common-controls_6595b64144ccf1df_6.0.22621.3235_none_270f74e173860f98\COMCTL32.dll
0x00007ffaf08c0000 - 0x00007ffaf0967000 	C:\Windows\System32\msvcrt.dll
0x00007ffaf0c50000 - 0x00007ffaf0c81000 	C:\Windows\System32\IMM32.DLL
0x00007ffad5350000 - 0x00007ffad54b4000 	C:\Program Files (x86)\Citrix\ICA Client\ctxapclient64.dll
0x00007ffaf00c0000 - 0x00007ffaf00e8000 	C:\Windows\System32\bcrypt.dll
0x00007ffaf25a0000 - 0x00007ffaf2928000 	C:\Windows\System32\combase.dll
0x00007ffaf0730000 - 0x00007ffaf0845000 	C:\Windows\System32\RPCRT4.dll
0x00007ffae8040000 - 0x00007ffae804a000 	C:\Windows\SYSTEM32\VERSION.dll
0x00007ffaf0d90000 - 0x00007ffaf0e42000 	C:\Windows\System32\ADVAPI32.dll
0x00007ffaf1c90000 - 0x00007ffaf1d38000 	C:\Windows\System32\sechost.dll
0x00007ffaeecf0000 - 0x00007ffaeed24000 	C:\Windows\SYSTEM32\ntmarta.dll
0x0000014384720000 - 0x0000014384799000 	C:\Windows\System32\bcryptprimitives.dll
0x00007ffaeecd0000 - 0x00007ffaeece8000 	C:\Windows\SYSTEM32\kernel.appcore.dll
0x00007ffae6790000 - 0x00007ffae682d000 	C:\Program Files\Android\Android Studio\jre\bin\msvcp140.dll
0x00007ffa859c0000 - 0x00007ffa86495000 	C:\Program Files\Android\Android Studio\jre\bin\server\jvm.dll
0x00000143847b0000 - 0x00000143847b8000 	C:\Windows\System32\PSAPI.DLL
0x00007ffaec990000 - 0x00007ffaec999000 	C:\Windows\SYSTEM32\WSOCK32.dll
0x00007ffaf06a0000 - 0x00007ffaf0711000 	C:\Windows\System32\WS2_32.dll
0x00007ffaed6e0000 - 0x00007ffaed714000 	C:\Windows\SYSTEM32\WINMM.dll
0x00007ffae3e50000 - 0x00007ffae3e61000 	C:\Program Files\Android\Android Studio\jre\bin\verify.dll
0x00007ffaed4a0000 - 0x00007ffaed6d3000 	C:\Windows\SYSTEM32\DBGHELP.DLL
0x00000143847c0000 - 0x0000014384897000 	C:\Windows\System32\OLEAUT32.dll
0x00007ffaed460000 - 0x00007ffaed492000 	C:\Windows\SYSTEM32\dbgcore.DLL
0x00007ffae09d0000 - 0x00007ffae09f9000 	C:\Program Files\Android\Android Studio\jre\bin\java.dll
0x00007ffaec8f0000 - 0x00007ffaec8fb000 	C:\Program Files\Android\Android Studio\jre\bin\jimage.dll
0x00007ffadddc0000 - 0x00007ffadddd8000 	C:\Program Files\Android\Android Studio\jre\bin\zip.dll
0x00007ffaf1d40000 - 0x00007ffaf259c000 	C:\Windows\System32\SHELL32.dll
0x00007ffaedbf0000 - 0x00007ffaee4e9000 	C:\Windows\SYSTEM32\windows.storage.dll
0x00007ffaedab0000 - 0x00007ffaedbee000 	C:\Windows\SYSTEM32\wintypes.dll
0x00007ffaf13d0000 - 0x00007ffaf14c3000 	C:\Windows\System32\SHCORE.dll
0x00007ffaf1ad0000 - 0x00007ffaf1b2e000 	C:\Windows\System32\shlwapi.dll
0x00007ffaefbc0000 - 0x00007ffaefbe1000 	C:\Windows\SYSTEM32\profapi.dll
0x00007ffaddc50000 - 0x00007ffaddc6a000 	C:\Program Files\Android\Android Studio\jre\bin\net.dll
0x00007ffae94e0000 - 0x00007ffae9616000 	C:\Windows\SYSTEM32\WINHTTP.dll
0x00007ffaef140000 - 0x00007ffaef1a9000 	C:\Windows\system32\mswsock.dll
0x00007ffadb880000 - 0x00007ffadb894000 	C:\Program Files\Android\Android Studio\jre\bin\nio.dll
0x00007ffaec4b0000 - 0x00007ffaec4d7000 	C:\Users\Swathi\.gradle\native\e1d6ef7f7dcc3fd88c89a11ec53ec762bb8ba0a96d01ffa2cd45eb1d1d8dd5c5\windows-amd64\native-platform.dll
0x00007ffac9710000 - 0x00007ffac9854000 	C:\Users\Swathi\.gradle\native\0d407fdbe67a94daf76414ababcb853783967236a71b16ec16e742cd7a986fd3\windows-amd64\native-platform-file-events.dll
0x00007ffae9fb0000 - 0x00007ffae9fba000 	C:\Program Files\Android\Android Studio\jre\bin\management.dll
0x00007ffae7200000 - 0x00007ffae720d000 	C:\Program Files\Android\Android Studio\jre\bin\management_ext.dll
0x00007ffaef3a0000 - 0x00007ffaef3bb000 	C:\Windows\SYSTEM32\CRYPTSP.dll
0x00007ffaeec30000 - 0x00007ffaeec65000 	C:\Windows\system32\rsaenh.dll
0x00007ffaef240000 - 0x00007ffaef268000 	C:\Windows\SYSTEM32\USERENV.dll
0x00007ffaef3c0000 - 0x00007ffaef3cc000 	C:\Windows\SYSTEM32\CRYPTBASE.dll
0x00007ffaee790000 - 0x00007ffaee7bd000 	C:\Windows\SYSTEM32\IPHLPAPI.DLL
0x00007ffaf0720000 - 0x00007ffaf0729000 	C:\Windows\System32\NSI.dll
0x00007ffae8d30000 - 0x00007ffae8d49000 	C:\Windows\SYSTEM32\dhcpcsvc6.DLL
0x00007ffae8d10000 - 0x00007ffae8d2f000 	C:\Windows\SYSTEM32\dhcpcsvc.DLL
0x00007ffaee7c0000 - 0x00007ffaee8b9000 	C:\Windows\SYSTEM32\DNSAPI.dll
0x00007ffad5770000 - 0x00007ffad5797000 	C:\Program Files\Android\Android Studio\jre\bin\sunec.dll

dbghelp: loaded successfully - version: 4.0.5 - missing functions: none
symbol engine: initialized successfully - sym options: 0x614 - pdb path: .;C:\Program Files\Android\Android Studio\jre\bin;C:\Windows\SYSTEM32;C:\Windows\WinSxS\amd64_microsoft.windows.common-controls_6595b64144ccf1df_6.0.22621.3235_none_270f74e173860f98;C:\Program Files (x86)\Citrix\ICA Client;C:\Program Files\Android\Android Studio\jre\bin\server;C:\Users\Swathi\.gradle\native\e1d6ef7f7dcc3fd88c89a11ec53ec762bb8ba0a96d01ffa2cd45eb1d1d8dd5c5\windows-amd64;C:\Users\Swathi\.gradle\native\0d407fdbe67a94daf76414ababcb853783967236a71b16ec16e742cd7a986fd3\windows-amd64

VM Arguments:
jvm_args: --add-opens=java.base/java.util=ALL-UNNAMED --add-opens=java.base/java.lang=ALL-UNNAMED --add-opens=java.base/java.lang.invoke=ALL-UNNAMED --add-opens=java.base/java.util=ALL-UNNAMED --add-opens=java.prefs/java.util.prefs=ALL-UNNAMED --add-opens=java.prefs/java.util.prefs=ALL-UNNAMED --add-opens=java.base/java.nio.charset=ALL-UNNAMED --add-opens=java.base/java.net=ALL-UNNAMED --add-opens=java.base/java.util.concurrent.atomic=ALL-UNNAMED -Xmx4G -Dfile.encoding=windows-1252 -Duser.country=IN -Duser.language=en -Duser.variant 
java_command: org.gradle.launcher.daemon.bootstrap.GradleDaemon 7.5
java_class_path (initial): C:\Users\Swathi\.gradle\wrapper\dists\gradle-7.5-all\6qsw290k5lz422uaf8jf6m7co\gradle-7.5\lib\gradle-launcher-7.5.jar
Launcher Type: SUN_STANDARD

[Global flags]
     intx CICompilerCount                          = 3                                         {product} {ergonomic}
     uint ConcGCThreads                            = 1                                         {product} {ergonomic}
     uint G1ConcRefinementThreads                  = 4                                         {product} {ergonomic}
   size_t G1HeapRegionSize                         = 1048576                                   {product} {ergonomic}
    uintx GCDrainStackTargetSize                   = 64                                        {product} {ergonomic}
   size_t InitialHeapSize                          = 58720256                                  {product} {ergonomic}
   size_t MarkStackSize                            = 4194304                                   {product} {ergonomic}
   size_t MaxHeapSize                              = 4294967296                                {product} {command line}
   size_t MaxNewSize                               = 2576351232                                {product} {ergonomic}
   size_t MinHeapDeltaBytes                        = 1048576                                   {product} {ergonomic}
    uintx NonNMethodCodeHeapSize                   = 5830732                                {pd product} {ergonomic}
    uintx NonProfiledCodeHeapSize                  = 122913754                              {pd product} {ergonomic}
    uintx ProfiledCodeHeapSize                     = 122913754                              {pd product} {ergonomic}
    uintx ReservedCodeCacheSize                    = 251658240                              {pd product} {ergonomic}
     bool SegmentedCodeCache                       = true                                      {product} {ergonomic}
     bool UseCompressedClassPointers               = true                                 {lp64_product} {ergonomic}
     bool UseCompressedOops                        = true                                 {lp64_product} {ergonomic}
     bool UseG1GC                                  = true                                      {product} {ergonomic}
     bool UseLargePagesIndividualAllocation        = false                                  {pd product} {ergonomic}

Logging:
Log output configuration:
 #0: stdout all=warning uptime,level,tags
 #1: stderr all=off uptime,level,tags

Environment Variables:
JAVA_HOME=C:\Program Files\Android\Android Studio\jre
CLASSPATH=D:\Ankitha\MSC project\2nd sem mini project-WallPaperApp\wallpaperapp\android\\gradle\wrapper\gradle-wrapper.jar
PATH=C:\Program Files\Android\Android Studio\jre\bin;C:\flutter\bin\;C:\Program Files\Python311\Scripts\;C:\Program Files\Python311\;C:\Windows\system32;C:\Windows;C:\Windows\System32\Wbem;C:\Windows\System32\WindowsPowerShell\v1.0\;C:\Windows\System32\OpenSSH\;C:\Program Files\Microsoft SQL Server\150\Tools\Binn\;C:\mingw\bin;C:\Program Files\Microsoft SQL Server\Client SDK\ODBC\170\Tools\Binn\;C:\Program Files\dotnet\;C:\Program Files (x86)\Microsoft SQL Server\160\DTS\Binn\;C:\Program Files\Azure Data Studio\bin;C:\Program Files\nodejs\;C:\Users\Swathi\AppData\Local\Microsoft\WindowsApps;C:\Users\Swathi\AppData\Local\Programs\Microsoft VS Code\bin;C:\Users\Swathi\.dotnet\tools;C:\flutter\bin;;C:\Program Files\Azure Data Studio\bin;C:\Users\Swathi\AppData\Roaming\npm;C:\flutter\bin\mingit\cmd
USERNAME=Swathi
LANG=en_US.UTF-8
OS=Windows_NT
PROCESSOR_IDENTIFIER=AMD64 Family 23 Model 24 Stepping 1, AuthenticAMD



---------------  S Y S T E M  ---------------

OS: Windows 10 , 64 bit Build 22621 (10.0.22621.3374)
OS uptime: 37 days 14:34 hours

CPU:total 4 (initial active 4) (4 cores per cpu, 2 threads per core) family 23 model 24 stepping 1 microcode 0x0, cmov, cx8, fxsr, mmx, sse, sse2, sse3, ssse3, sse4.1, sse4.2, popcnt, avx, avx2, aes, clmul, mmxext, 3dnowpref, lzcnt, sse4a, ht, tsc, tscinvbit, tscinv, bmi1, bmi2, adx, s

Memory: 4k page, system-wide physical 3470M (273M free)
TotalPageFile size 14222M (AvailPageFile size 0M)
current process WorkingSet (physical memory assigned to process): 222M, peak: 353M
current process commit charge ("private bytes"): 561M, peak: 561M

vm_info: OpenJDK 64-Bit Server VM (11.0.11+9-b60-7590822) for windows-amd64 JRE (11.0.11+9-b60-7590822), built on Jul 29 2021 21:43:44 by "builder" with MS VC++ 14.0 (VS2015)

END.
